<?xml version="1.0" encoding="UTF-8" standalone="yes"?><!DOCTYPE report PUBLIC "-//JACOCO//DTD Report 1.1//EN" "report.dtd"><report name="JPackage Maven Plugin"><sessioninfo id="HOME-4dee5340" start="1593271548611" dump="1593271570457"/><package name="ru/akman/maven/plugins/jpackage"><class name="ru/akman/maven/plugins/jpackage/ModulePath" sourcefilename="ModulePath.java"><method name="&lt;init&gt;" desc="()V" line="26"><counter type="INSTRUCTION" missed="0" covered="3"/><counter type="LINE" missed="0" covered="1"/><counter type="COMPLEXITY" missed="0" covered="1"/><counter type="METHOD" missed="0" covered="1"/></method><method name="getPathElements" desc="()Ljava/util/List;" line="54"><counter type="INSTRUCTION" missed="0" covered="3"/><counter type="LINE" missed="0" covered="1"/><counter type="COMPLEXITY" missed="0" covered="1"/><counter type="METHOD" missed="0" covered="1"/></method><method name="setPathElements" desc="(Ljava/util/List;)V" line="63"><counter type="INSTRUCTION" missed="4" covered="0"/><counter type="LINE" missed="2" covered="0"/><counter type="COMPLEXITY" missed="1" covered="0"/><counter type="METHOD" missed="1" covered="0"/></method><method name="getFileSets" desc="()Ljava/util/List;" line="72"><counter type="INSTRUCTION" missed="0" covered="3"/><counter type="LINE" missed="0" covered="1"/><counter type="COMPLEXITY" missed="0" covered="1"/><counter type="METHOD" missed="0" covered="1"/></method><method name="setFileSets" desc="(Ljava/util/List;)V" line="81"><counter type="INSTRUCTION" missed="4" covered="0"/><counter type="LINE" missed="2" covered="0"/><counter type="COMPLEXITY" missed="1" covered="0"/><counter type="METHOD" missed="1" covered="0"/></method><method name="getDirSets" desc="()Ljava/util/List;" line="90"><counter type="INSTRUCTION" missed="0" covered="3"/><counter type="LINE" missed="0" covered="1"/><counter type="COMPLEXITY" missed="0" covered="1"/><counter type="METHOD" missed="0" covered="1"/></method><method name="setDirSets" desc="(Ljava/util/List;)V" line="99"><counter type="INSTRUCTION" missed="4" covered="0"/><counter type="LINE" missed="2" covered="0"/><counter type="COMPLEXITY" missed="1" covered="0"/><counter type="METHOD" missed="1" covered="0"/></method><method name="getDependencySets" desc="()Ljava/util/List;" line="108"><counter type="INSTRUCTION" missed="0" covered="3"/><counter type="LINE" missed="0" covered="1"/><counter type="COMPLEXITY" missed="0" covered="1"/><counter type="METHOD" missed="0" covered="1"/></method><method name="setDependencySets" desc="(Ljava/util/List;)V" line="117"><counter type="INSTRUCTION" missed="4" covered="0"/><counter type="LINE" missed="2" covered="0"/><counter type="COMPLEXITY" missed="1" covered="0"/><counter type="METHOD" missed="1" covered="0"/></method><counter type="INSTRUCTION" missed="16" covered="15"/><counter type="LINE" missed="8" covered="5"/><counter type="COMPLEXITY" missed="4" covered="5"/><counter type="METHOD" missed="4" covered="5"/><counter type="CLASS" missed="0" covered="1"/></class><class name="ru/akman/maven/plugins/jpackage/HelpMojo" sourcefilename="HelpMojo.java"><method name="&lt;init&gt;" desc="()V" line="29"><counter type="INSTRUCTION" missed="3" covered="0"/><counter type="LINE" missed="1" covered="0"/><counter type="COMPLEXITY" missed="1" covered="0"/><counter type="METHOD" missed="1" covered="0"/></method><method name="build" desc="()Lorg/w3c/dom/Document;" line="69"><counter type="INSTRUCTION" missed="59" covered="0"/><counter type="BRANCH" missed="2" covered="0"/><counter type="LINE" missed="17" covered="0"/><counter type="COMPLEXITY" missed="2" covered="0"/><counter type="METHOD" missed="1" covered="0"/></method><method name="execute" desc="()V" line="112"><counter type="INSTRUCTION" missed="163" covered="0"/><counter type="BRANCH" missed="20" covered="0"/><counter type="LINE" missed="31" covered="0"/><counter type="COMPLEXITY" missed="11" covered="0"/><counter type="METHOD" missed="1" covered="0"/></method><method name="isNotEmpty" desc="(Ljava/lang/String;)Z" line="177"><counter type="INSTRUCTION" missed="9" covered="0"/><counter type="BRANCH" missed="4" covered="0"/><counter type="LINE" missed="1" covered="0"/><counter type="COMPLEXITY" missed="3" covered="0"/><counter type="METHOD" missed="1" covered="0"/></method><method name="getValue" desc="(Lorg/w3c/dom/Node;Ljava/lang/String;)Ljava/lang/String;" line="183"><counter type="INSTRUCTION" missed="6" covered="0"/><counter type="LINE" missed="1" covered="0"/><counter type="COMPLEXITY" missed="1" covered="0"/><counter type="METHOD" missed="1" covered="0"/></method><method name="getSingleChild" desc="(Lorg/w3c/dom/Node;Ljava/lang/String;)Lorg/w3c/dom/Node;" line="189"><counter type="INSTRUCTION" missed="29" covered="0"/><counter type="BRANCH" missed="4" covered="0"/><counter type="LINE" missed="6" covered="0"/><counter type="COMPLEXITY" missed="3" covered="0"/><counter type="METHOD" missed="1" covered="0"/></method><method name="findNamedChild" desc="(Lorg/w3c/dom/Node;Ljava/lang/String;)Ljava/util/List;" line="203"><counter type="INSTRUCTION" missed="30" covered="0"/><counter type="BRANCH" missed="4" covered="0"/><counter type="LINE" missed="7" covered="0"/><counter type="COMPLEXITY" missed="3" covered="0"/><counter type="METHOD" missed="1" covered="0"/></method><method name="findSingleChild" desc="(Lorg/w3c/dom/Node;Ljava/lang/String;)Lorg/w3c/dom/Node;" line="219"><counter type="INSTRUCTION" missed="25" covered="0"/><counter type="BRANCH" missed="4" covered="0"/><counter type="LINE" missed="6" covered="0"/><counter type="COMPLEXITY" missed="3" covered="0"/><counter type="METHOD" missed="1" covered="0"/></method><method name="writeGoal" desc="(Ljava/lang/StringBuilder;Ljava/lang/String;Lorg/w3c/dom/Element;)V" line="234"><counter type="INSTRUCTION" missed="122" covered="0"/><counter type="BRANCH" missed="20" covered="0"/><counter type="LINE" missed="23" covered="0"/><counter type="COMPLEXITY" missed="11" covered="0"/><counter type="METHOD" missed="1" covered="0"/></method><method name="writeParameter" desc="(Ljava/lang/StringBuilder;Lorg/w3c/dom/Node;Lorg/w3c/dom/Node;)V" line="274"><counter type="INSTRUCTION" missed="103" covered="0"/><counter type="BRANCH" missed="16" covered="0"/><counter type="LINE" missed="21" covered="0"/><counter type="COMPLEXITY" missed="9" covered="0"/><counter type="METHOD" missed="1" covered="0"/></method><method name="repeat" desc="(Ljava/lang/String;I)Ljava/lang/String;" line="320"><counter type="INSTRUCTION" missed="22" covered="0"/><counter type="BRANCH" missed="2" covered="0"/><counter type="LINE" missed="4" covered="0"/><counter type="COMPLEXITY" missed="2" covered="0"/><counter type="METHOD" missed="1" covered="0"/></method><method name="append" desc="(Ljava/lang/StringBuilder;Ljava/lang/String;I)V" line="340"><counter type="INSTRUCTION" missed="24" covered="0"/><counter type="BRANCH" missed="2" covered="0"/><counter type="LINE" missed="4" covered="0"/><counter type="COMPLEXITY" missed="2" covered="0"/><counter type="METHOD" missed="1" covered="0"/></method><method name="toLines" desc="(Ljava/lang/String;III)Ljava/util/List;" line="358"><counter type="INSTRUCTION" missed="37" covered="0"/><counter type="BRANCH" missed="2" covered="0"/><counter type="LINE" missed="6" covered="0"/><counter type="COMPLEXITY" missed="2" covered="0"/><counter type="METHOD" missed="1" covered="0"/></method><method name="toLines" desc="(Ljava/util/List;Ljava/lang/String;II)V" line="382"><counter type="INSTRUCTION" missed="104" covered="0"/><counter type="BRANCH" missed="12" covered="0"/><counter type="LINE" missed="19" covered="0"/><counter type="COMPLEXITY" missed="7" covered="0"/><counter type="METHOD" missed="1" covered="0"/></method><method name="getIndentLevel" desc="(Ljava/lang/String;)I" line="431"><counter type="INSTRUCTION" missed="40" covered="0"/><counter type="BRANCH" missed="10" covered="0"/><counter type="LINE" missed="8" covered="0"/><counter type="COMPLEXITY" missed="6" covered="0"/><counter type="METHOD" missed="1" covered="0"/></method><method name="getPropertyFromExpression" desc="(Ljava/lang/String;)Ljava/lang/String;" line="449"><counter type="INSTRUCTION" missed="26" covered="0"/><counter type="BRANCH" missed="8" covered="0"/><counter type="LINE" missed="4" covered="0"/><counter type="COMPLEXITY" missed="5" covered="0"/><counter type="METHOD" missed="1" covered="0"/></method><counter type="INSTRUCTION" missed="802" covered="0"/><counter type="BRANCH" missed="110" covered="0"/><counter type="LINE" missed="159" covered="0"/><counter type="COMPLEXITY" missed="71" covered="0"/><counter type="METHOD" missed="16" covered="0"/><counter type="CLASS" missed="1" covered="0"/></class><class name="ru/akman/maven/plugins/jpackage/DependencySet" sourcefilename="DependencySet.java"><method name="&lt;init&gt;" desc="()V" line="24"><counter type="INSTRUCTION" missed="0" covered="3"/><counter type="LINE" missed="0" covered="1"/><counter type="COMPLEXITY" missed="0" covered="1"/><counter type="METHOD" missed="0" covered="1"/></method><method name="isOutputIncluded" desc="()Z" line="66"><counter type="INSTRUCTION" missed="0" covered="3"/><counter type="LINE" missed="0" covered="1"/><counter type="COMPLEXITY" missed="0" covered="1"/><counter type="METHOD" missed="0" covered="1"/></method><method name="setOutputIncluded" desc="(Z)V" line="75"><counter type="INSTRUCTION" missed="4" covered="0"/><counter type="LINE" missed="2" covered="0"/><counter type="COMPLEXITY" missed="1" covered="0"/><counter type="METHOD" missed="1" covered="0"/></method><method name="isAutomaticExcluded" desc="()Z" line="84"><counter type="INSTRUCTION" missed="0" covered="3"/><counter type="LINE" missed="0" covered="1"/><counter type="COMPLEXITY" missed="0" covered="1"/><counter type="METHOD" missed="0" covered="1"/></method><method name="setAutomaticExcluded" desc="(Z)V" line="93"><counter type="INSTRUCTION" missed="4" covered="0"/><counter type="LINE" missed="2" covered="0"/><counter type="COMPLEXITY" missed="1" covered="0"/><counter type="METHOD" missed="1" covered="0"/></method><method name="getIncludes" desc="()Ljava/util/List;" line="102"><counter type="INSTRUCTION" missed="0" covered="3"/><counter type="LINE" missed="0" covered="1"/><counter type="COMPLEXITY" missed="0" covered="1"/><counter type="METHOD" missed="0" covered="1"/></method><method name="setIncludes" desc="(Ljava/util/List;)V" line="111"><counter type="INSTRUCTION" missed="0" covered="4"/><counter type="LINE" missed="0" covered="2"/><counter type="COMPLEXITY" missed="0" covered="1"/><counter type="METHOD" missed="0" covered="1"/></method><method name="getExcludes" desc="()Ljava/util/List;" line="120"><counter type="INSTRUCTION" missed="0" covered="3"/><counter type="LINE" missed="0" covered="1"/><counter type="COMPLEXITY" missed="0" covered="1"/><counter type="METHOD" missed="0" covered="1"/></method><method name="setExcludes" desc="(Ljava/util/List;)V" line="129"><counter type="INSTRUCTION" missed="0" covered="4"/><counter type="LINE" missed="0" covered="2"/><counter type="COMPLEXITY" missed="0" covered="1"/><counter type="METHOD" missed="0" covered="1"/></method><method name="getIncludeNames" desc="()Ljava/util/List;" line="138"><counter type="INSTRUCTION" missed="0" covered="3"/><counter type="LINE" missed="0" covered="1"/><counter type="COMPLEXITY" missed="0" covered="1"/><counter type="METHOD" missed="0" covered="1"/></method><method name="setIncludeNames" desc="(Ljava/util/List;)V" line="147"><counter type="INSTRUCTION" missed="4" covered="0"/><counter type="LINE" missed="2" covered="0"/><counter type="COMPLEXITY" missed="1" covered="0"/><counter type="METHOD" missed="1" covered="0"/></method><method name="getExcludeNames" desc="()Ljava/util/List;" line="156"><counter type="INSTRUCTION" missed="0" covered="3"/><counter type="LINE" missed="0" covered="1"/><counter type="COMPLEXITY" missed="0" covered="1"/><counter type="METHOD" missed="0" covered="1"/></method><method name="setExcludeNames" desc="(Ljava/util/List;)V" line="165"><counter type="INSTRUCTION" missed="4" covered="0"/><counter type="LINE" missed="2" covered="0"/><counter type="COMPLEXITY" missed="1" covered="0"/><counter type="METHOD" missed="1" covered="0"/></method><counter type="INSTRUCTION" missed="16" covered="29"/><counter type="LINE" missed="8" covered="11"/><counter type="COMPLEXITY" missed="4" covered="9"/><counter type="METHOD" missed="4" covered="9"/><counter type="CLASS" missed="0" covered="1"/></class><class name="ru/akman/maven/plugins/jpackage/Launcher" sourcefilename="Launcher.java"><method name="&lt;init&gt;" desc="()V" line="30"><counter type="INSTRUCTION" missed="0" covered="3"/><counter type="LINE" missed="0" covered="1"/><counter type="COMPLEXITY" missed="0" covered="1"/><counter type="METHOD" missed="0" covered="1"/></method><method name="getName" desc="()Ljava/lang/String;" line="88"><counter type="INSTRUCTION" missed="0" covered="3"/><counter type="LINE" missed="0" covered="1"/><counter type="COMPLEXITY" missed="0" covered="1"/><counter type="METHOD" missed="0" covered="1"/></method><method name="setName" desc="(Ljava/lang/String;)V" line="97"><counter type="INSTRUCTION" missed="0" covered="4"/><counter type="LINE" missed="0" covered="2"/><counter type="COMPLEXITY" missed="0" covered="1"/><counter type="METHOD" missed="0" covered="1"/></method><method name="getModule" desc="()Ljava/lang/String;" line="106"><counter type="INSTRUCTION" missed="0" covered="3"/><counter type="LINE" missed="0" covered="1"/><counter type="COMPLEXITY" missed="0" covered="1"/><counter type="METHOD" missed="0" covered="1"/></method><method name="setModule" desc="(Ljava/lang/String;)V" line="115"><counter type="INSTRUCTION" missed="0" covered="4"/><counter type="LINE" missed="0" covered="2"/><counter type="COMPLEXITY" missed="0" covered="1"/><counter type="METHOD" missed="0" covered="1"/></method><method name="getMainJar" desc="()Ljava/lang/String;" line="124"><counter type="INSTRUCTION" missed="0" covered="3"/><counter type="LINE" missed="0" covered="1"/><counter type="COMPLEXITY" missed="0" covered="1"/><counter type="METHOD" missed="0" covered="1"/></method><method name="setMainJar" desc="(Ljava/lang/String;)V" line="133"><counter type="INSTRUCTION" missed="4" covered="0"/><counter type="LINE" missed="2" covered="0"/><counter type="COMPLEXITY" missed="1" covered="0"/><counter type="METHOD" missed="1" covered="0"/></method><method name="getMainClass" desc="()Ljava/lang/String;" line="142"><counter type="INSTRUCTION" missed="0" covered="3"/><counter type="LINE" missed="0" covered="1"/><counter type="COMPLEXITY" missed="0" covered="1"/><counter type="METHOD" missed="0" covered="1"/></method><method name="setMainClass" desc="(Ljava/lang/String;)V" line="151"><counter type="INSTRUCTION" missed="4" covered="0"/><counter type="LINE" missed="2" covered="0"/><counter type="COMPLEXITY" missed="1" covered="0"/><counter type="METHOD" missed="1" covered="0"/></method><method name="getArguments" desc="()Ljava/lang/String;" line="160"><counter type="INSTRUCTION" missed="0" covered="3"/><counter type="LINE" missed="0" covered="1"/><counter type="COMPLEXITY" missed="0" covered="1"/><counter type="METHOD" missed="0" covered="1"/></method><method name="setArguments" desc="(Ljava/lang/String;)V" line="169"><counter type="INSTRUCTION" missed="0" covered="4"/><counter type="LINE" missed="0" covered="2"/><counter type="COMPLEXITY" missed="0" covered="1"/><counter type="METHOD" missed="0" covered="1"/></method><method name="getJavaOptions" desc="()Ljava/lang/String;" line="178"><counter type="INSTRUCTION" missed="0" covered="3"/><counter type="LINE" missed="0" covered="1"/><counter type="COMPLEXITY" missed="0" covered="1"/><counter type="METHOD" missed="0" covered="1"/></method><method name="setJavaOptions" desc="(Ljava/lang/String;)V" line="187"><counter type="INSTRUCTION" missed="4" covered="0"/><counter type="LINE" missed="2" covered="0"/><counter type="COMPLEXITY" missed="1" covered="0"/><counter type="METHOD" missed="1" covered="0"/></method><method name="getAppVersion" desc="()Ljava/lang/String;" line="196"><counter type="INSTRUCTION" missed="0" covered="3"/><counter type="LINE" missed="0" covered="1"/><counter type="COMPLEXITY" missed="0" covered="1"/><counter type="METHOD" missed="0" covered="1"/></method><method name="setAppVersion" desc="(Ljava/lang/String;)V" line="205"><counter type="INSTRUCTION" missed="4" covered="0"/><counter type="LINE" missed="2" covered="0"/><counter type="COMPLEXITY" missed="1" covered="0"/><counter type="METHOD" missed="1" covered="0"/></method><method name="getIcon" desc="()Ljava/io/File;" line="214"><counter type="INSTRUCTION" missed="0" covered="3"/><counter type="LINE" missed="0" covered="1"/><counter type="COMPLEXITY" missed="0" covered="1"/><counter type="METHOD" missed="0" covered="1"/></method><method name="setIcon" desc="(Ljava/io/File;)V" line="223"><counter type="INSTRUCTION" missed="0" covered="4"/><counter type="LINE" missed="0" covered="2"/><counter type="COMPLEXITY" missed="0" covered="1"/><counter type="METHOD" missed="0" covered="1"/></method><method name="isWinConsole" desc="()Z" line="232"><counter type="INSTRUCTION" missed="0" covered="6"/><counter type="LINE" missed="0" covered="1"/><counter type="COMPLEXITY" missed="0" covered="1"/><counter type="METHOD" missed="0" covered="1"/></method><method name="setWinConsole" desc="(Ljava/lang/String;)V" line="241"><counter type="INSTRUCTION" missed="4" covered="0"/><counter type="LINE" missed="2" covered="0"/><counter type="COMPLEXITY" missed="1" covered="0"/><counter type="METHOD" missed="1" covered="0"/></method><method name="getFile" desc="()Ljava/io/File;" line="250"><counter type="INSTRUCTION" missed="0" covered="3"/><counter type="LINE" missed="0" covered="1"/><counter type="COMPLEXITY" missed="0" covered="1"/><counter type="METHOD" missed="0" covered="1"/></method><method name="setFile" desc="(Ljava/io/File;)V" line="259"><counter type="INSTRUCTION" missed="0" covered="4"/><counter type="LINE" missed="0" covered="2"/><counter type="COMPLEXITY" missed="0" covered="1"/><counter type="METHOD" missed="0" covered="1"/></method><method name="getProperties" desc="(Ljava/nio/charset/Charset;)Ljava/util/Properties;" line="272"><counter type="INSTRUCTION" missed="98" covered="0"/><counter type="BRANCH" missed="18" covered="0"/><counter type="LINE" missed="22" covered="0"/><counter type="COMPLEXITY" missed="10" covered="0"/><counter type="METHOD" missed="1" covered="0"/></method><counter type="INSTRUCTION" missed="118" covered="56"/><counter type="BRANCH" missed="18" covered="0"/><counter type="LINE" missed="32" covered="21"/><counter type="COMPLEXITY" missed="15" covered="16"/><counter type="METHOD" missed="6" covered="16"/><counter type="CLASS" missed="0" covered="1"/></class><class name="ru/akman/maven/plugins/jpackage/JPackageMojo" sourcefilename="JPackageMojo.java"><method name="&lt;init&gt;" desc="()V" line="98"><counter type="INSTRUCTION" missed="0" covered="8"/><counter type="LINE" missed="0" covered="2"/><counter type="COMPLEXITY" missed="0" covered="1"/><counter type="METHOD" missed="0" covered="1"/></method><method name="processOptions" desc="(Lru/akman/maven/plugins/CommandLineBuilder;)V" line="786"><counter type="INSTRUCTION" missed="980" covered="0"/><counter type="BRANCH" missed="98" covered="0"/><counter type="LINE" missed="225" covered="0"/><counter type="COMPLEXITY" missed="51" covered="0"/><counter type="METHOD" missed="1" covered="0"/></method><method name="processLauncher" desc="(Lru/akman/maven/plugins/jpackage/Launcher;)Ljava/io/File;" line="1173"><counter type="INSTRUCTION" missed="96" covered="0"/><counter type="BRANCH" missed="2" covered="0"/><counter type="LINE" missed="21" covered="0"/><counter type="COMPLEXITY" missed="2" covered="0"/><counter type="METHOD" missed="1" covered="0"/></method><method name="resolveDependencies" desc="()Lorg/codehaus/plexus/languages/java/jpms/ResolvePathsResult;" line="1224"><counter type="INSTRUCTION" missed="88" covered="0"/><counter type="BRANCH" missed="8" covered="0"/><counter type="LINE" missed="24" covered="0"/><counter type="COMPLEXITY" missed="5" covered="0"/><counter type="METHOD" missed="1" covered="0"/></method><method name="fetchMainModuleDescriptor" desc="()Lorg/codehaus/plexus/languages/java/jpms/JavaModuleDescriptor;" line="1305"><counter type="INSTRUCTION" missed="33" covered="0"/><counter type="BRANCH" missed="6" covered="0"/><counter type="LINE" missed="9" covered="0"/><counter type="COMPLEXITY" missed="4" covered="0"/><counter type="METHOD" missed="1" covered="0"/></method><method name="fetchPathExceptions" desc="()Ljava/util/Map;" line="1327"><counter type="INSTRUCTION" missed="13" covered="0"/><counter type="LINE" missed="4" covered="0"/><counter type="COMPLEXITY" missed="1" covered="0"/><counter type="METHOD" missed="1" covered="0"/></method><method name="fetchClasspathElements" desc="()Ljava/util/List;" line="1342"><counter type="INSTRUCTION" missed="31" covered="0"/><counter type="BRANCH" missed="2" covered="0"/><counter type="LINE" missed="11" covered="0"/><counter type="COMPLEXITY" missed="2" covered="0"/><counter type="METHOD" missed="1" covered="0"/></method><method name="fetchModulepathElements" desc="()Ljava/util/List;" line="1362"><counter type="INSTRUCTION" missed="38" covered="0"/><counter type="BRANCH" missed="2" covered="0"/><counter type="LINE" missed="13" covered="0"/><counter type="COMPLEXITY" missed="2" covered="0"/><counter type="METHOD" missed="1" covered="0"/></method><method name="getPathElements" desc="()Ljava/lang/String;" line="1397"><counter type="INSTRUCTION" missed="41" covered="0"/><counter type="BRANCH" missed="8" covered="0"/><counter type="LINE" missed="12" covered="0"/><counter type="COMPLEXITY" missed="5" covered="0"/><counter type="METHOD" missed="1" covered="0"/></method><method name="getFileSets" desc="()Ljava/lang/String;" line="1424"><counter type="INSTRUCTION" missed="66" covered="0"/><counter type="BRANCH" missed="10" covered="0"/><counter type="LINE" missed="18" covered="0"/><counter type="COMPLEXITY" missed="6" covered="0"/><counter type="METHOD" missed="1" covered="0"/></method><method name="getDirSets" desc="()Ljava/lang/String;" line="1461"><counter type="INSTRUCTION" missed="66" covered="0"/><counter type="BRANCH" missed="10" covered="0"/><counter type="LINE" missed="18" covered="0"/><counter type="COMPLEXITY" missed="6" covered="0"/><counter type="METHOD" missed="1" covered="0"/></method><method name="getDependencySets" desc="()Ljava/lang/String;" line="1495"><counter type="INSTRUCTION" missed="47" covered="0"/><counter type="BRANCH" missed="10" covered="0"/><counter type="LINE" missed="13" covered="0"/><counter type="COMPLEXITY" missed="6" covered="0"/><counter type="METHOD" missed="1" covered="0"/></method><method name="getIncludedDependencies" desc="(Lru/akman/maven/plugins/jpackage/DependencySet;)Ljava/util/Set;" line="1523"><counter type="INSTRUCTION" missed="15" covered="0"/><counter type="LINE" missed="4" covered="0"/><counter type="COMPLEXITY" missed="1" covered="0"/><counter type="METHOD" missed="1" covered="0"/></method><method name="getExcludedDependencies" desc="(Lru/akman/maven/plugins/jpackage/DependencySet;)Ljava/util/Set;" line="1540"><counter type="INSTRUCTION" missed="15" covered="0"/><counter type="LINE" missed="4" covered="0"/><counter type="COMPLEXITY" missed="1" covered="0"/><counter type="METHOD" missed="1" covered="0"/></method><method name="filterDependency" desc="(Lru/akman/maven/plugins/jpackage/DependencySet;Ljava/io/File;Lorg/codehaus/plexus/languages/java/jpms/JavaModuleDescriptor;)Z" line="1564"><counter type="INSTRUCTION" missed="138" covered="0"/><counter type="BRANCH" missed="42" covered="0"/><counter type="LINE" missed="31" covered="0"/><counter type="COMPLEXITY" missed="22" covered="0"/><counter type="METHOD" missed="1" covered="0"/></method><method name="matchesIncludes" desc="(Lru/akman/maven/plugins/jpackage/DependencySet;Ljava/io/File;Lorg/codehaus/plexus/languages/java/jpms/JavaModuleDescriptor;)Z" line="1638"><counter type="INSTRUCTION" missed="63" covered="0"/><counter type="BRANCH" missed="18" covered="0"/><counter type="LINE" missed="13" covered="0"/><counter type="COMPLEXITY" missed="10" covered="0"/><counter type="METHOD" missed="1" covered="0"/></method><method name="matchesExcludes" desc="(Lru/akman/maven/plugins/jpackage/DependencySet;Ljava/io/File;Lorg/codehaus/plexus/languages/java/jpms/JavaModuleDescriptor;)Z" line="1676"><counter type="INSTRUCTION" missed="63" covered="0"/><counter type="BRANCH" missed="18" covered="0"/><counter type="LINE" missed="13" covered="0"/><counter type="COMPLEXITY" missed="10" covered="0"/><counter type="METHOD" missed="1" covered="0"/></method><method name="pathMatches" desc="(Ljava/util/List;Ljava/nio/file/Path;)Z" line="1712"><counter type="INSTRUCTION" missed="23" covered="0"/><counter type="BRANCH" missed="4" covered="0"/><counter type="LINE" missed="6" covered="0"/><counter type="COMPLEXITY" missed="3" covered="0"/><counter type="METHOD" missed="1" covered="0"/></method><method name="nameMatches" desc="(Ljava/util/List;Ljava/lang/String;)Z" line="1733"><counter type="INSTRUCTION" missed="25" covered="0"/><counter type="BRANCH" missed="4" covered="0"/><counter type="LINE" missed="7" covered="0"/><counter type="COMPLEXITY" missed="3" covered="0"/><counter type="METHOD" missed="1" covered="0"/></method><method name="processModules" desc="(Lru/akman/maven/plugins/CommandLineBuilder;)V" line="1752"><counter type="INSTRUCTION" missed="124" covered="0"/><counter type="BRANCH" missed="24" covered="0"/><counter type="LINE" missed="34" covered="0"/><counter type="COMPLEXITY" missed="13" covered="0"/><counter type="METHOD" missed="1" covered="0"/></method><method name="execute" desc="()V" line="1810"><counter type="INSTRUCTION" missed="290" covered="0"/><counter type="BRANCH" missed="24" covered="0"/><counter type="LINE" missed="62" covered="0"/><counter type="COMPLEXITY" missed="13" covered="0"/><counter type="METHOD" missed="1" covered="0"/></method><method name="lambda$execute$19" desc="(Ljava/util/Map$Entry;)Ljava/lang/String;" line="1847"><counter type="INSTRUCTION" missed="10" covered="0"/><counter type="LINE" missed="3" covered="0"/><counter type="COMPLEXITY" missed="1" covered="0"/><counter type="METHOD" missed="1" covered="0"/></method><method name="lambda$getExcludedDependencies$18" desc="(Ljava/util/Map$Entry;)Ljava/lang/String;" line="1544"><counter type="INSTRUCTION" missed="5" covered="0"/><counter type="LINE" missed="1" covered="0"/><counter type="COMPLEXITY" missed="1" covered="0"/><counter type="METHOD" missed="1" covered="0"/></method><method name="lambda$getExcludedDependencies$17" desc="(Lru/akman/maven/plugins/jpackage/DependencySet;Ljava/util/Map$Entry;)Z" line="1541"><counter type="INSTRUCTION" missed="19" covered="0"/><counter type="BRANCH" missed="6" covered="0"/><counter type="LINE" missed="3" covered="0"/><counter type="COMPLEXITY" missed="4" covered="0"/><counter type="METHOD" missed="1" covered="0"/></method><method name="lambda$getIncludedDependencies$16" desc="(Ljava/util/Map$Entry;)Ljava/lang/String;" line="1527"><counter type="INSTRUCTION" missed="5" covered="0"/><counter type="LINE" missed="1" covered="0"/><counter type="COMPLEXITY" missed="1" covered="0"/><counter type="METHOD" missed="1" covered="0"/></method><method name="lambda$getIncludedDependencies$15" desc="(Lru/akman/maven/plugins/jpackage/DependencySet;Ljava/util/Map$Entry;)Z" line="1524"><counter type="INSTRUCTION" missed="19" covered="0"/><counter type="BRANCH" missed="6" covered="0"/><counter type="LINE" missed="3" covered="0"/><counter type="COMPLEXITY" missed="4" covered="0"/><counter type="METHOD" missed="1" covered="0"/></method><method name="lambda$getDirSets$14" desc="(Ljava/io/File;Ljava/lang/String;)Ljava/lang/String;" line="1476"><counter type="INSTRUCTION" missed="7" covered="0"/><counter type="LINE" missed="2" covered="0"/><counter type="COMPLEXITY" missed="1" covered="0"/><counter type="METHOD" missed="1" covered="0"/></method><method name="lambda$getDirSets$13" desc="(Ljava/lang/String;)Z" line="1475"><counter type="INSTRUCTION" missed="7" covered="0"/><counter type="BRANCH" missed="2" covered="0"/><counter type="LINE" missed="1" covered="0"/><counter type="COMPLEXITY" missed="2" covered="0"/><counter type="METHOD" missed="1" covered="0"/></method><method name="lambda$getFileSets$12" desc="(Ljava/io/File;Ljava/lang/String;)Ljava/lang/String;" line="1439"><counter type="INSTRUCTION" missed="7" covered="0"/><counter type="LINE" missed="2" covered="0"/><counter type="COMPLEXITY" missed="1" covered="0"/><counter type="METHOD" missed="1" covered="0"/></method><method name="lambda$getFileSets$11" desc="(Ljava/lang/String;)Z" line="1438"><counter type="INSTRUCTION" missed="7" covered="0"/><counter type="BRANCH" missed="2" covered="0"/><counter type="LINE" missed="1" covered="0"/><counter type="COMPLEXITY" missed="2" covered="0"/><counter type="METHOD" missed="1" covered="0"/></method><method name="lambda$getPathElements$10" desc="(Ljava/io/File;)Ljava/lang/String;" line="1403"><counter type="INSTRUCTION" missed="3" covered="0"/><counter type="LINE" missed="1" covered="0"/><counter type="COMPLEXITY" missed="1" covered="0"/><counter type="METHOD" missed="1" covered="0"/></method><method name="lambda$fetchModulepathElements$9" desc="(Ljava/util/Map$Entry;)Ljava/lang/String;" line="1372"><counter type="INSTRUCTION" missed="28" covered="0"/><counter type="BRANCH" missed="6" covered="0"/><counter type="LINE" missed="9" covered="0"/><counter type="COMPLEXITY" missed="4" covered="0"/><counter type="METHOD" missed="1" covered="0"/></method><method name="lambda$fetchModulepathElements$8" desc="(Ljava/util/Map$Entry;)Z" line="1371"><counter type="INSTRUCTION" missed="9" covered="0"/><counter type="BRANCH" missed="4" covered="0"/><counter type="LINE" missed="1" covered="0"/><counter type="COMPLEXITY" missed="3" covered="0"/><counter type="METHOD" missed="1" covered="0"/></method><method name="lambda$fetchClasspathElements$7" desc="(Ljava/io/File;)Ljava/lang/String;" line="1350"><counter type="INSTRUCTION" missed="3" covered="0"/><counter type="LINE" missed="1" covered="0"/><counter type="COMPLEXITY" missed="1" covered="0"/><counter type="METHOD" missed="1" covered="0"/></method><method name="lambda$fetchPathExceptions$6" desc="(Ljava/util/Map$Entry;)Ljava/lang/String;" line="1332"><counter type="INSTRUCTION" missed="5" covered="0"/><counter type="LINE" missed="1" covered="0"/><counter type="COMPLEXITY" missed="1" covered="0"/><counter type="METHOD" missed="1" covered="0"/></method><method name="lambda$fetchPathExceptions$5" desc="(Ljava/util/Map$Entry;)Ljava/io/File;" line="1331"><counter type="INSTRUCTION" missed="4" covered="0"/><counter type="LINE" missed="1" covered="0"/><counter type="COMPLEXITY" missed="1" covered="0"/><counter type="METHOD" missed="1" covered="0"/></method><method name="lambda$fetchPathExceptions$4" desc="(Ljava/util/Map$Entry;)Z" line="1329"><counter type="INSTRUCTION" missed="9" covered="0"/><counter type="BRANCH" missed="4" covered="0"/><counter type="LINE" missed="1" covered="0"/><counter type="COMPLEXITY" missed="3" covered="0"/><counter type="METHOD" missed="1" covered="0"/></method><method name="lambda$resolveDependencies$3" desc="(Lorg/apache/maven/model/Dependency;)Ljava/io/File;" line="1269"><counter type="INSTRUCTION" missed="7" covered="0"/><counter type="LINE" missed="1" covered="0"/><counter type="COMPLEXITY" missed="1" covered="0"/><counter type="METHOD" missed="1" covered="0"/></method><method name="lambda$resolveDependencies$2" desc="(Lorg/apache/maven/model/Dependency;)Z" line="1268"><counter type="INSTRUCTION" missed="10" covered="0"/><counter type="BRANCH" missed="4" covered="0"/><counter type="LINE" missed="1" covered="0"/><counter type="COMPLEXITY" missed="3" covered="0"/><counter type="METHOD" missed="1" covered="0"/></method><method name="lambda$resolveDependencies$1" desc="(Lorg/apache/maven/artifact/Artifact;)Ljava/io/File;" line="1262"><counter type="INSTRUCTION" missed="3" covered="0"/><counter type="LINE" missed="1" covered="0"/><counter type="COMPLEXITY" missed="1" covered="0"/><counter type="METHOD" missed="1" covered="0"/></method><method name="lambda$resolveDependencies$0" desc="(Lorg/apache/maven/artifact/Artifact;)Z" line="1261"><counter type="INSTRUCTION" missed="11" covered="0"/><counter type="BRANCH" missed="4" covered="0"/><counter type="LINE" missed="1" covered="0"/><counter type="COMPLEXITY" missed="3" covered="0"/><counter type="METHOD" missed="1" covered="0"/></method><counter type="INSTRUCTION" missed="2433" covered="8"/><counter type="BRANCH" missed="328" covered="0"/><counter type="LINE" missed="560" covered="2"/><counter type="COMPLEXITY" missed="205" covered="1"/><counter type="METHOD" missed="40" covered="1"/><counter type="CLASS" missed="0" covered="1"/></class><class name="ru/akman/maven/plugins/jpackage/PackageType" sourcefilename="PackageType.java"><method name="&lt;clinit&gt;" desc="()V" line="22"><counter type="INSTRUCTION" missed="0" covered="44"/><counter type="LINE" missed="0" covered="5"/><counter type="COMPLEXITY" missed="0" covered="1"/><counter type="METHOD" missed="0" covered="1"/></method><counter type="INSTRUCTION" missed="0" covered="44"/><counter type="LINE" missed="0" covered="5"/><counter type="COMPLEXITY" missed="0" covered="1"/><counter type="METHOD" missed="0" covered="1"/><counter type="CLASS" missed="0" covered="1"/></class><class name="ru/akman/maven/plugins/jpackage/PluginUtils" sourcefilename="PluginUtils.java"><method name="&lt;init&gt;" desc="()V" line="38"><counter type="INSTRUCTION" missed="6" covered="0"/><counter type="LINE" missed="2" covered="0"/><counter type="COMPLEXITY" missed="1" covered="0"/><counter type="METHOD" missed="1" covered="0"/></method><method name="wrapOpt" desc="(Ljava/lang/String;C)Ljava/lang/String;" line="55"><counter type="INSTRUCTION" missed="10" covered="0"/><counter type="BRANCH" missed="2" covered="0"/><counter type="LINE" missed="3" covered="0"/><counter type="COMPLEXITY" missed="2" covered="0"/><counter type="METHOD" missed="1" covered="0"/></method><method name="getThrowableCause" desc="(Ljava/lang/Throwable;)Ljava/lang/String;" line="68"><counter type="INSTRUCTION" missed="10" covered="0"/><counter type="BRANCH" missed="2" covered="0"/><counter type="LINE" missed="3" covered="0"/><counter type="COMPLEXITY" missed="2" covered="0"/><counter type="METHOD" missed="1" covered="0"/></method><method name="normalizeFileSetBaseDir" desc="(Ljava/io/File;Lorg/apache/maven/shared/model/fileset/FileSet;)Ljava/io/File;" line="86"><counter type="INSTRUCTION" missed="3" covered="25"/><counter type="BRANCH" missed="1" covered="3"/><counter type="LINE" missed="1" covered="7"/><counter type="COMPLEXITY" missed="1" covered="2"/><counter type="METHOD" missed="0" covered="1"/></method><method name="getArtifactSetDebugInfo" desc="(Ljava/util/Set;)Ljava/lang/String;" line="106"><counter type="INSTRUCTION" missed="21" covered="0"/><counter type="LINE" missed="8" covered="0"/><counter type="COMPLEXITY" missed="1" covered="0"/><counter type="METHOD" missed="1" covered="0"/></method><method name="getArtifactDebugInfo" desc="(Lorg/apache/maven/artifact/Artifact;)Ljava/lang/String;" line="124"><counter type="INSTRUCTION" missed="74" covered="0"/><counter type="LINE" missed="30" covered="0"/><counter type="COMPLEXITY" missed="1" covered="0"/><counter type="METHOD" missed="1" covered="0"/></method><method name="getPathElementsDebugInfo" desc="(Ljava/lang/String;Ljava/util/List;)Ljava/lang/String;" line="166"><counter type="INSTRUCTION" missed="21" covered="0"/><counter type="LINE" missed="8" covered="0"/><counter type="COMPLEXITY" missed="1" covered="0"/><counter type="METHOD" missed="1" covered="0"/></method><method name="getFileSetDebugInfo" desc="(Ljava/lang/String;Lorg/apache/maven/shared/model/fileset/FileSet;Ljava/lang/String;)Ljava/lang/String;" line="187"><counter type="INSTRUCTION" missed="58" covered="0"/><counter type="LINE" missed="23" covered="0"/><counter type="COMPLEXITY" missed="1" covered="0"/><counter type="METHOD" missed="1" covered="0"/></method><method name="getDependencySetDebugInfo" desc="(Ljava/lang/String;Lru/akman/maven/plugins/jpackage/DependencySet;Ljava/lang/String;)Ljava/lang/String;" line="223"><counter type="INSTRUCTION" missed="124" covered="0"/><counter type="BRANCH" missed="8" covered="0"/><counter type="LINE" missed="50" covered="0"/><counter type="COMPLEXITY" missed="5" covered="0"/><counter type="METHOD" missed="1" covered="0"/></method><method name="getDependencyDebugInfo" desc="(Ljava/io/File;Lorg/codehaus/plexus/languages/java/jpms/JavaModuleDescriptor;Z)Ljava/lang/String;" line="290"><counter type="INSTRUCTION" missed="115" covered="0"/><counter type="BRANCH" missed="2" covered="0"/><counter type="LINE" missed="45" covered="0"/><counter type="COMPLEXITY" missed="2" covered="0"/><counter type="METHOD" missed="1" covered="0"/></method><method name="lambda$getDependencyDebugInfo$4" desc="(Lorg/codehaus/plexus/languages/java/jpms/JavaModuleDescriptor$JavaProvides;)Ljava/lang/String;" line="335"><counter type="INSTRUCTION" missed="15" covered="0"/><counter type="LINE" missed="4" covered="0"/><counter type="COMPLEXITY" missed="1" covered="0"/><counter type="METHOD" missed="1" covered="0"/></method><method name="lambda$getDependencyDebugInfo$3" desc="(Lorg/codehaus/plexus/languages/java/jpms/JavaModuleDescriptor$JavaExports;)Ljava/lang/String;" line="324"><counter type="INSTRUCTION" missed="20" covered="0"/><counter type="BRANCH" missed="2" covered="0"/><counter type="LINE" missed="5" covered="0"/><counter type="COMPLEXITY" missed="2" covered="0"/><counter type="METHOD" missed="1" covered="0"/></method><method name="lambda$getDependencyDebugInfo$2" desc="(Lorg/codehaus/plexus/languages/java/jpms/JavaModuleDescriptor$JavaRequires;)Ljava/lang/String;" line="313"><counter type="INSTRUCTION" missed="17" covered="0"/><counter type="LINE" missed="5" covered="0"/><counter type="COMPLEXITY" missed="1" covered="0"/><counter type="METHOD" missed="1" covered="0"/></method><method name="lambda$getDependencyDebugInfo$1" desc="(Lorg/codehaus/plexus/languages/java/jpms/JavaModuleDescriptor$JavaRequires$JavaModifier;)Ljava/lang/String;" line="316"><counter type="INSTRUCTION" missed="3" covered="0"/><counter type="LINE" missed="1" covered="0"/><counter type="COMPLEXITY" missed="1" covered="0"/><counter type="METHOD" missed="1" covered="0"/></method><method name="lambda$getPathElementsDebugInfo$0" desc="(Ljava/io/File;)Ljava/lang/String;" line="171"><counter type="INSTRUCTION" missed="3" covered="0"/><counter type="LINE" missed="1" covered="0"/><counter type="COMPLEXITY" missed="1" covered="0"/><counter type="METHOD" missed="1" covered="0"/></method><counter type="INSTRUCTION" missed="500" covered="25"/><counter type="BRANCH" missed="17" covered="3"/><counter type="LINE" missed="184" covered="7"/><counter type="COMPLEXITY" missed="23" covered="2"/><counter type="METHOD" missed="14" covered="1"/><counter type="CLASS" missed="0" covered="1"/></class><sourcefile name="Launcher.java"><line nr="30" mi="0" ci="3" mb="0" cb="0"/><line nr="88" mi="0" ci="3" mb="0" cb="0"/><line nr="97" mi="0" ci="3" mb="0" cb="0"/><line nr="98" mi="0" ci="1" mb="0" cb="0"/><line nr="106" mi="0" ci="3" mb="0" cb="0"/><line nr="115" mi="0" ci="3" mb="0" cb="0"/><line nr="116" mi="0" ci="1" mb="0" cb="0"/><line nr="124" mi="0" ci="3" mb="0" cb="0"/><line nr="133" mi="3" ci="0" mb="0" cb="0"/><line nr="134" mi="1" ci="0" mb="0" cb="0"/><line nr="142" mi="0" ci="3" mb="0" cb="0"/><line nr="151" mi="3" ci="0" mb="0" cb="0"/><line nr="152" mi="1" ci="0" mb="0" cb="0"/><line nr="160" mi="0" ci="3" mb="0" cb="0"/><line nr="169" mi="0" ci="3" mb="0" cb="0"/><line nr="170" mi="0" ci="1" mb="0" cb="0"/><line nr="178" mi="0" ci="3" mb="0" cb="0"/><line nr="187" mi="3" ci="0" mb="0" cb="0"/><line nr="188" mi="1" ci="0" mb="0" cb="0"/><line nr="196" mi="0" ci="3" mb="0" cb="0"/><line nr="205" mi="3" ci="0" mb="0" cb="0"/><line nr="206" mi="1" ci="0" mb="0" cb="0"/><line nr="214" mi="0" ci="3" mb="0" cb="0"/><line nr="223" mi="0" ci="3" mb="0" cb="0"/><line nr="224" mi="0" ci="1" mb="0" cb="0"/><line nr="232" mi="0" ci="6" mb="0" cb="0"/><line nr="241" mi="3" ci="0" mb="0" cb="0"/><line nr="242" mi="1" ci="0" mb="0" cb="0"/><line nr="250" mi="0" ci="3" mb="0" cb="0"/><line nr="259" mi="0" ci="3" mb="0" cb="0"/><line nr="260" mi="0" ci="1" mb="0" cb="0"/><line nr="272" mi="4" ci="0" mb="0" cb="0"/><line nr="273" mi="3" ci="0" mb="2" cb="0"/><line nr="274" mi="2" ci="0" mb="0" cb="0"/><line nr="275" mi="4" ci="0" mb="0" cb="0"/><line nr="276" mi="3" ci="0" mb="0" cb="0"/><line nr="279" mi="4" ci="0" mb="2" cb="0"/><line nr="280" mi="6" ci="0" mb="0" cb="0"/><line nr="282" mi="4" ci="0" mb="2" cb="0"/><line nr="283" mi="6" ci="0" mb="0" cb="0"/><line nr="285" mi="4" ci="0" mb="2" cb="0"/><line nr="286" mi="6" ci="0" mb="0" cb="0"/><line nr="288" mi="4" ci="0" mb="2" cb="0"/><line nr="289" mi="6" ci="0" mb="0" cb="0"/><line nr="291" mi="4" ci="0" mb="2" cb="0"/><line nr="292" mi="6" ci="0" mb="0" cb="0"/><line nr="294" mi="4" ci="0" mb="2" cb="0"/><line nr="295" mi="6" ci="0" mb="0" cb="0"/><line nr="297" mi="3" ci="0" mb="2" cb="0"/><line nr="298" mi="7" ci="0" mb="0" cb="0"/><line nr="300" mi="3" ci="0" mb="2" cb="0"/><line nr="301" mi="7" ci="0" mb="0" cb="0"/><line nr="303" mi="2" ci="0" mb="0" cb="0"/><counter type="INSTRUCTION" missed="118" covered="56"/><counter type="BRANCH" missed="18" covered="0"/><counter type="LINE" missed="32" covered="21"/><counter type="COMPLEXITY" missed="15" covered="16"/><counter type="METHOD" missed="6" covered="16"/><counter type="CLASS" missed="0" covered="1"/></sourcefile><sourcefile name="ModulePath.java"><line nr="26" mi="0" ci="3" mb="0" cb="0"/><line nr="54" mi="0" ci="3" mb="0" cb="0"/><line nr="63" mi="3" ci="0" mb="0" cb="0"/><line nr="64" mi="1" ci="0" mb="0" cb="0"/><line nr="72" mi="0" ci="3" mb="0" cb="0"/><line nr="81" mi="3" ci="0" mb="0" cb="0"/><line nr="82" mi="1" ci="0" mb="0" cb="0"/><line nr="90" mi="0" ci="3" mb="0" cb="0"/><line nr="99" mi="3" ci="0" mb="0" cb="0"/><line nr="100" mi="1" ci="0" mb="0" cb="0"/><line nr="108" mi="0" ci="3" mb="0" cb="0"/><line nr="117" mi="3" ci="0" mb="0" cb="0"/><line nr="118" mi="1" ci="0" mb="0" cb="0"/><counter type="INSTRUCTION" missed="16" covered="15"/><counter type="LINE" missed="8" covered="5"/><counter type="COMPLEXITY" missed="4" covered="5"/><counter type="METHOD" missed="4" covered="5"/><counter type="CLASS" missed="0" covered="1"/></sourcefile><sourcefile name="PluginUtils.java"><line nr="38" mi="2" ci="0" mb="0" cb="0"/><line nr="40" mi="4" ci="0" mb="0" cb="0"/><line nr="55" mi="4" ci="0" mb="2" cb="0"/><line nr="56" mi="2" ci="0" mb="0" cb="0"/><line nr="57" mi="4" ci="0" mb="0" cb="0"/><line nr="68" mi="4" ci="0" mb="2" cb="0"/><line nr="69" mi="3" ci="0" mb="0" cb="0"/><line nr="70" mi="3" ci="0" mb="0" cb="0"/><line nr="86" mi="0" ci="3" mb="0" cb="0"/><line nr="87" mi="0" ci="2" mb="1" cb="1"/><line nr="88" mi="3" ci="0" mb="0" cb="0"/><line nr="90" mi="0" ci="5" mb="0" cb="0"/><line nr="91" mi="0" ci="3" mb="0" cb="2"/><line nr="92" mi="0" ci="6" mb="0" cb="0"/><line nr="94" mi="0" ci="4" mb="0" cb="0"/><line nr="95" mi="0" ci="2" mb="0" cb="0"/><line nr="106" mi="5" ci="0" mb="0" cb="0"/><line nr="107" mi="3" ci="0" mb="0" cb="0"/><line nr="108" mi="3" ci="0" mb="0" cb="0"/><line nr="109" mi="2" ci="0" mb="0" cb="0"/><line nr="110" mi="1" ci="0" mb="0" cb="0"/><line nr="111" mi="4" ci="0" mb="0" cb="0"/><line nr="112" mi="2" ci="0" mb="0" cb="0"/><line nr="113" mi="1" ci="0" mb="0" cb="0"/><line nr="124" mi="6" ci="0" mb="0" cb="0"/><line nr="125" mi="2" ci="0" mb="0" cb="0"/><line nr="126" mi="3" ci="0" mb="0" cb="0"/><line nr="127" mi="2" ci="0" mb="0" cb="0"/><line nr="128" mi="3" ci="0" mb="0" cb="0"/><line nr="129" mi="2" ci="0" mb="0" cb="0"/><line nr="130" mi="3" ci="0" mb="0" cb="0"/><line nr="131" mi="2" ci="0" mb="0" cb="0"/><line nr="132" mi="3" ci="0" mb="0" cb="0"/><line nr="133" mi="2" ci="0" mb="0" cb="0"/><line nr="134" mi="3" ci="0" mb="0" cb="0"/><line nr="135" mi="3" ci="0" mb="0" cb="0"/><line nr="136" mi="2" ci="0" mb="0" cb="0"/><line nr="137" mi="2" ci="0" mb="0" cb="0"/><line nr="138" mi="3" ci="0" mb="0" cb="0"/><line nr="139" mi="2" ci="0" mb="0" cb="0"/><line nr="140" mi="2" ci="0" mb="0" cb="0"/><line nr="141" mi="3" ci="0" mb="0" cb="0"/><line nr="142" mi="2" ci="0" mb="0" cb="0"/><line nr="143" mi="2" ci="0" mb="0" cb="0"/><line nr="144" mi="3" ci="0" mb="0" cb="0"/><line nr="145" mi="2" ci="0" mb="0" cb="0"/><line nr="146" mi="2" ci="0" mb="0" cb="0"/><line nr="147" mi="3" ci="0" mb="0" cb="0"/><line nr="148" mi="2" ci="0" mb="0" cb="0"/><line nr="149" mi="2" ci="0" mb="0" cb="0"/><line nr="150" mi="3" ci="0" mb="0" cb="0"/><line nr="151" mi="2" ci="0" mb="0" cb="0"/><line nr="152" mi="2" ci="0" mb="0" cb="0"/><line nr="153" mi="1" ci="0" mb="0" cb="0"/><line nr="166" mi="6" ci="0" mb="0" cb="0"/><line nr="167" mi="1" ci="0" mb="0" cb="0"/><line nr="168" mi="3" ci="0" mb="0" cb="0"/><line nr="169" mi="3" ci="0" mb="0" cb="0"/><line nr="170" mi="2" ci="0" mb="0" cb="0"/><line nr="171" mi="4" ci="0" mb="0" cb="0"/><line nr="172" mi="4" ci="0" mb="0" cb="0"/><line nr="173" mi="1" ci="0" mb="0" cb="0"/><line nr="187" mi="6" ci="0" mb="0" cb="0"/><line nr="188" mi="1" ci="0" mb="0" cb="0"/><line nr="189" mi="3" ci="0" mb="0" cb="0"/><line nr="190" mi="2" ci="0" mb="0" cb="0"/><line nr="191" mi="2" ci="0" mb="0" cb="0"/><line nr="192" mi="3" ci="0" mb="0" cb="0"/><line nr="193" mi="2" ci="0" mb="0" cb="0"/><line nr="194" mi="2" ci="0" mb="0" cb="0"/><line nr="195" mi="3" ci="0" mb="0" cb="0"/><line nr="196" mi="1" ci="0" mb="0" cb="0"/><line nr="197" mi="3" ci="0" mb="0" cb="0"/><line nr="198" mi="3" ci="0" mb="0" cb="0"/><line nr="199" mi="4" ci="0" mb="0" cb="0"/><line nr="200" mi="3" ci="0" mb="0" cb="0"/><line nr="201" mi="1" ci="0" mb="0" cb="0"/><line nr="202" mi="3" ci="0" mb="0" cb="0"/><line nr="203" mi="3" ci="0" mb="0" cb="0"/><line nr="204" mi="4" ci="0" mb="0" cb="0"/><line nr="205" mi="3" ci="0" mb="0" cb="0"/><line nr="206" mi="1" ci="0" mb="0" cb="0"/><line nr="207" mi="3" ci="0" mb="0" cb="0"/><line nr="208" mi="1" ci="0" mb="0" cb="0"/><line nr="209" mi="1" ci="0" mb="0" cb="0"/><line nr="223" mi="5" ci="0" mb="0" cb="0"/><line nr="224" mi="2" ci="0" mb="0" cb="0"/><line nr="225" mi="1" ci="0" mb="0" cb="0"/><line nr="226" mi="3" ci="0" mb="0" cb="0"/><line nr="227" mi="2" ci="0" mb="0" cb="0"/><line nr="228" mi="2" ci="0" mb="0" cb="0"/><line nr="229" mi="3" ci="0" mb="0" cb="0"/><line nr="230" mi="2" ci="0" mb="0" cb="0"/><line nr="231" mi="2" ci="0" mb="0" cb="0"/><line nr="232" mi="3" ci="0" mb="0" cb="0"/><line nr="233" mi="2" ci="0" mb="0" cb="0"/><line nr="234" mi="3" ci="0" mb="0" cb="0"/><line nr="235" mi="2" ci="0" mb="2" cb="0"/><line nr="236" mi="1" ci="0" mb="0" cb="0"/><line nr="237" mi="3" ci="0" mb="0" cb="0"/><line nr="238" mi="3" ci="0" mb="0" cb="0"/><line nr="239" mi="4" ci="0" mb="0" cb="0"/><line nr="241" mi="1" ci="0" mb="0" cb="0"/><line nr="242" mi="3" ci="0" mb="0" cb="0"/><line nr="243" mi="2" ci="0" mb="0" cb="0"/><line nr="244" mi="3" ci="0" mb="0" cb="0"/><line nr="245" mi="2" ci="0" mb="2" cb="0"/><line nr="246" mi="1" ci="0" mb="0" cb="0"/><line nr="247" mi="3" ci="0" mb="0" cb="0"/><line nr="248" mi="3" ci="0" mb="0" cb="0"/><line nr="249" mi="4" ci="0" mb="0" cb="0"/><line nr="251" mi="1" ci="0" mb="0" cb="0"/><line nr="252" mi="3" ci="0" mb="0" cb="0"/><line nr="253" mi="2" ci="0" mb="0" cb="0"/><line nr="254" mi="3" ci="0" mb="0" cb="0"/><line nr="255" mi="2" ci="0" mb="2" cb="0"/><line nr="256" mi="1" ci="0" mb="0" cb="0"/><line nr="257" mi="3" ci="0" mb="0" cb="0"/><line nr="258" mi="4" ci="0" mb="0" cb="0"/><line nr="259" mi="4" ci="0" mb="0" cb="0"/><line nr="261" mi="1" ci="0" mb="0" cb="0"/><line nr="262" mi="3" ci="0" mb="0" cb="0"/><line nr="263" mi="2" ci="0" mb="0" cb="0"/><line nr="264" mi="3" ci="0" mb="0" cb="0"/><line nr="265" mi="2" ci="0" mb="2" cb="0"/><line nr="266" mi="1" ci="0" mb="0" cb="0"/><line nr="267" mi="3" ci="0" mb="0" cb="0"/><line nr="268" mi="4" ci="0" mb="0" cb="0"/><line nr="269" mi="4" ci="0" mb="0" cb="0"/><line nr="271" mi="1" ci="0" mb="0" cb="0"/><line nr="272" mi="3" ci="0" mb="0" cb="0"/><line nr="273" mi="1" ci="0" mb="0" cb="0"/><line nr="274" mi="3" ci="0" mb="0" cb="0"/><line nr="275" mi="2" ci="0" mb="0" cb="0"/><line nr="276" mi="3" ci="0" mb="0" cb="0"/><line nr="290" mi="3" ci="0" mb="0" cb="0"/><line nr="291" mi="3" ci="0" mb="0" cb="0"/><line nr="292" mi="2" ci="0" mb="0" cb="0"/><line nr="293" mi="1" ci="0" mb="0" cb="0"/><line nr="294" mi="3" ci="0" mb="0" cb="0"/><line nr="295" mi="2" ci="0" mb="0" cb="0"/><line nr="296" mi="2" ci="0" mb="0" cb="0"/><line nr="297" mi="3" ci="0" mb="0" cb="0"/><line nr="298" mi="2" ci="0" mb="0" cb="0"/><line nr="299" mi="3" ci="0" mb="0" cb="0"/><line nr="300" mi="2" ci="0" mb="2" cb="0"/><line nr="301" mi="1" ci="0" mb="0" cb="0"/><line nr="302" mi="3" ci="0" mb="0" cb="0"/><line nr="303" mi="2" ci="0" mb="0" cb="0"/><line nr="304" mi="2" ci="0" mb="0" cb="0"/><line nr="305" mi="3" ci="0" mb="0" cb="0"/><line nr="306" mi="2" ci="0" mb="0" cb="0"/><line nr="307" mi="2" ci="0" mb="0" cb="0"/><line nr="308" mi="3" ci="0" mb="0" cb="0"/><line nr="309" mi="1" ci="0" mb="0" cb="0"/><line nr="310" mi="3" ci="0" mb="0" cb="0"/><line nr="311" mi="4" ci="0" mb="0" cb="0"/><line nr="312" mi="2" ci="0" mb="0" cb="0"/><line nr="313" mi="5" ci="0" mb="0" cb="0"/><line nr="314" mi="3" ci="0" mb="0" cb="0"/><line nr="315" mi="2" ci="0" mb="0" cb="0"/><line nr="316" mi="7" ci="0" mb="0" cb="0"/><line nr="317" mi="4" ci="0" mb="0" cb="0"/><line nr="318" mi="4" ci="0" mb="0" cb="0"/><line nr="319" mi="3" ci="0" mb="0" cb="0"/><line nr="320" mi="1" ci="0" mb="0" cb="0"/><line nr="321" mi="3" ci="0" mb="0" cb="0"/><line nr="322" mi="4" ci="0" mb="0" cb="0"/><line nr="323" mi="2" ci="0" mb="0" cb="0"/><line nr="324" mi="4" ci="0" mb="0" cb="0"/><line nr="325" mi="5" ci="0" mb="2" cb="0"/><line nr="326" mi="3" ci="0" mb="0" cb="0"/><line nr="327" mi="4" ci="0" mb="0" cb="0"/><line nr="328" mi="5" ci="0" mb="0" cb="0"/><line nr="329" mi="4" ci="0" mb="0" cb="0"/><line nr="330" mi="3" ci="0" mb="0" cb="0"/><line nr="331" mi="1" ci="0" mb="0" cb="0"/><line nr="332" mi="3" ci="0" mb="0" cb="0"/><line nr="333" mi="4" ci="0" mb="0" cb="0"/><line nr="334" mi="2" ci="0" mb="0" cb="0"/><line nr="335" mi="5" ci="0" mb="0" cb="0"/><line nr="336" mi="3" ci="0" mb="0" cb="0"/><line nr="337" mi="4" ci="0" mb="0" cb="0"/><line nr="338" mi="4" ci="0" mb="0" cb="0"/><line nr="339" mi="4" ci="0" mb="0" cb="0"/><line nr="340" mi="3" ci="0" mb="0" cb="0"/><line nr="341" mi="2" ci="0" mb="0" cb="0"/><line nr="342" mi="5" ci="0" mb="0" cb="0"/><line nr="343" mi="4" ci="0" mb="0" cb="0"/><line nr="344" mi="3" ci="0" mb="0" cb="0"/><line nr="346" mi="3" ci="0" mb="0" cb="0"/><counter type="INSTRUCTION" missed="500" covered="25"/><counter type="BRANCH" missed="17" covered="3"/><counter type="LINE" missed="184" covered="7"/><counter type="COMPLEXITY" missed="23" covered="2"/><counter type="METHOD" missed="14" covered="1"/><counter type="CLASS" missed="0" covered="1"/></sourcefile><sourcefile name="DependencySet.java"><line nr="24" mi="0" ci="3" mb="0" cb="0"/><line nr="66" mi="0" ci="3" mb="0" cb="0"/><line nr="75" mi="3" ci="0" mb="0" cb="0"/><line nr="76" mi="1" ci="0" mb="0" cb="0"/><line nr="84" mi="0" ci="3" mb="0" cb="0"/><line nr="93" mi="3" ci="0" mb="0" cb="0"/><line nr="94" mi="1" ci="0" mb="0" cb="0"/><line nr="102" mi="0" ci="3" mb="0" cb="0"/><line nr="111" mi="0" ci="3" mb="0" cb="0"/><line nr="112" mi="0" ci="1" mb="0" cb="0"/><line nr="120" mi="0" ci="3" mb="0" cb="0"/><line nr="129" mi="0" ci="3" mb="0" cb="0"/><line nr="130" mi="0" ci="1" mb="0" cb="0"/><line nr="138" mi="0" ci="3" mb="0" cb="0"/><line nr="147" mi="3" ci="0" mb="0" cb="0"/><line nr="148" mi="1" ci="0" mb="0" cb="0"/><line nr="156" mi="0" ci="3" mb="0" cb="0"/><line nr="165" mi="3" ci="0" mb="0" cb="0"/><line nr="166" mi="1" ci="0" mb="0" cb="0"/><counter type="INSTRUCTION" missed="16" covered="29"/><counter type="LINE" missed="8" covered="11"/><counter type="COMPLEXITY" missed="4" covered="9"/><counter type="METHOD" missed="4" covered="9"/><counter type="CLASS" missed="0" covered="1"/></sourcefile><sourcefile name="HelpMojo.java"><line nr="29" mi="3" ci="0" mb="0" cb="0"/><line nr="69" mi="4" ci="0" mb="0" cb="0"/><line nr="70" mi="2" ci="0" mb="0" cb="0"/><line nr="73" mi="5" ci="0" mb="0" cb="0"/><line nr="74" mi="2" ci="0" mb="0" cb="0"/><line nr="75" mi="3" ci="0" mb="0" cb="0"/><line nr="76" mi="6" ci="0" mb="0" cb="0"/><line nr="78" mi="1" ci="0" mb="0" cb="0"/><line nr="80" mi="7" ci="0" mb="0" cb="0"/><line nr="82" mi="1" ci="0" mb="0" cb="0"/><line nr="84" mi="7" ci="0" mb="0" cb="0"/><line nr="86" mi="1" ci="0" mb="0" cb="0"/><line nr="88" mi="7" ci="0" mb="0" cb="0"/><line nr="92" mi="2" ci="0" mb="2" cb="0"/><line nr="96" mi="2" ci="0" mb="0" cb="0"/><line nr="98" mi="1" ci="0" mb="0" cb="0"/><line nr="100" mi="7" ci="0" mb="0" cb="0"/><line nr="101" mi="1" ci="0" mb="0" cb="0"/><line nr="112" mi="3" ci="0" mb="2" cb="0"/><line nr="114" mi="4" ci="0" mb="0" cb="0"/><line nr="115" mi="3" ci="0" mb="0" cb="0"/><line nr="117" mi="3" ci="0" mb="2" cb="0"/><line nr="119" mi="4" ci="0" mb="0" cb="0"/><line nr="120" mi="3" ci="0" mb="0" cb="0"/><line nr="123" mi="3" ci="0" mb="0" cb="0"/><line nr="125" mi="4" ci="0" mb="0" cb="0"/><line nr="126" mi="5" ci="0" mb="0" cb="0"/><line nr="129" mi="5" ci="0" mb="0" cb="0"/><line nr="130" mi="5" ci="0" mb="0" cb="0"/><line nr="131" mi="11" ci="0" mb="0" cb="0"/><line nr="132" mi="7" ci="0" mb="4" cb="0"/><line nr="134" mi="8" ci="0" mb="0" cb="0"/><line nr="138" mi="3" ci="0" mb="2" cb="0"/><line nr="140" mi="6" ci="0" mb="0" cb="0"/><line nr="144" mi="5" ci="0" mb="0" cb="0"/><line nr="147" mi="8" ci="0" mb="0" cb="0"/><line nr="148" mi="5" ci="0" mb="0" cb="0"/><line nr="151" mi="5" ci="0" mb="0" cb="0"/><line nr="153" mi="5" ci="0" mb="0" cb="0"/><line nr="155" mi="5" ci="0" mb="0" cb="0"/><line nr="157" mi="7" ci="0" mb="4" cb="0"/><line nr="159" mi="14" ci="0" mb="2" cb="0"/><line nr="160" mi="5" ci="0" mb="0" cb="0"/><line nr="163" mi="10" ci="0" mb="2" cb="0"/><line nr="165" mi="6" ci="0" mb="0" cb="0"/><line nr="166" mi="1" ci="0" mb="0" cb="0"/><line nr="168" mi="4" ci="0" mb="2" cb="0"/><line nr="170" mi="5" ci="0" mb="0" cb="0"/><line nr="172" mi="1" ci="0" mb="0" cb="0"/><line nr="177" mi="9" ci="0" mb="4" cb="0"/><line nr="183" mi="6" ci="0" mb="0" cb="0"/><line nr="189" mi="5" ci="0" mb="0" cb="0"/><line nr="190" mi="3" ci="0" mb="2" cb="0"/><line nr="192" mi="6" ci="0" mb="0" cb="0"/><line nr="194" mi="4" ci="0" mb="2" cb="0"/><line nr="196" mi="6" ci="0" mb="0" cb="0"/><line nr="198" mi="5" ci="0" mb="0" cb="0"/><line nr="203" mi="4" ci="0" mb="0" cb="0"/><line nr="204" mi="3" ci="0" mb="0" cb="0"/><line nr="205" mi="8" ci="0" mb="2" cb="0"/><line nr="207" mi="4" ci="0" mb="0" cb="0"/><line nr="208" mi="5" ci="0" mb="2" cb="0"/><line nr="210" mi="4" ci="0" mb="0" cb="0"/><line nr="213" mi="2" ci="0" mb="0" cb="0"/><line nr="219" mi="5" ci="0" mb="0" cb="0"/><line nr="220" mi="3" ci="0" mb="2" cb="0"/><line nr="222" mi="2" ci="0" mb="0" cb="0"/><line nr="224" mi="4" ci="0" mb="2" cb="0"/><line nr="226" mi="6" ci="0" mb="0" cb="0"/><line nr="228" mi="5" ci="0" mb="0" cb="0"/><line nr="234" mi="5" ci="0" mb="0" cb="0"/><line nr="235" mi="5" ci="0" mb="0" cb="0"/><line nr="236" mi="5" ci="0" mb="0" cb="0"/><line nr="237" mi="12" ci="0" mb="6" cb="0"/><line nr="239" mi="7" ci="0" mb="0" cb="0"/><line nr="240" mi="5" ci="0" mb="0" cb="0"/><line nr="241" mi="6" ci="0" mb="4" cb="0"/><line nr="243" mi="7" ci="0" mb="0" cb="0"/><line nr="244" mi="5" ci="0" mb="4" cb="0"/><line nr="246" mi="5" ci="0" mb="0" cb="0"/><line nr="247" mi="7" ci="0" mb="0" cb="0"/><line nr="250" mi="2" ci="0" mb="2" cb="0"/><line nr="252" mi="6" ci="0" mb="0" cb="0"/><line nr="254" mi="5" ci="0" mb="0" cb="0"/><line nr="256" mi="3" ci="0" mb="2" cb="0"/><line nr="258" mi="5" ci="0" mb="0" cb="0"/><line nr="259" mi="5" ci="0" mb="0" cb="0"/><line nr="260" mi="5" ci="0" mb="0" cb="0"/><line nr="261" mi="5" ci="0" mb="0" cb="0"/><line nr="263" mi="10" ci="0" mb="2" cb="0"/><line nr="265" mi="5" ci="0" mb="0" cb="0"/><line nr="266" mi="1" ci="0" mb="0" cb="0"/><line nr="269" mi="1" ci="0" mb="0" cb="0"/><line nr="274" mi="5" ci="0" mb="0" cb="0"/><line nr="275" mi="5" ci="0" mb="0" cb="0"/><line nr="277" mi="2" ci="0" mb="0" cb="0"/><line nr="278" mi="2" ci="0" mb="2" cb="0"/><line nr="280" mi="6" ci="0" mb="0" cb="0"/><line nr="283" mi="2" ci="0" mb="0" cb="0"/><line nr="284" mi="6" ci="0" mb="4" cb="0"/><line nr="286" mi="5" ci="0" mb="0" cb="0"/><line nr="288" mi="7" ci="0" mb="0" cb="0"/><line nr="289" mi="5" ci="0" mb="0" cb="0"/><line nr="290" mi="6" ci="0" mb="4" cb="0"/><line nr="292" mi="7" ci="0" mb="0" cb="0"/><line nr="293" mi="5" ci="0" mb="0" cb="0"/><line nr="295" mi="5" ci="0" mb="0" cb="0"/><line nr="296" mi="7" ci="0" mb="2" cb="0"/><line nr="298" mi="5" ci="0" mb="0" cb="0"/><line nr="300" mi="6" ci="0" mb="4" cb="0"/><line nr="302" mi="5" ci="0" mb="0" cb="0"/><line nr="303" mi="6" ci="0" mb="0" cb="0"/><line nr="306" mi="5" ci="0" mb="0" cb="0"/><line nr="307" mi="1" ci="0" mb="0" cb="0"/><line nr="320" mi="8" ci="0" mb="0" cb="0"/><line nr="322" mi="7" ci="0" mb="2" cb="0"/><line nr="324" mi="4" ci="0" mb="0" cb="0"/><line nr="327" mi="3" ci="0" mb="0" cb="0"/><line nr="340" mi="16" ci="0" mb="2" cb="0"/><line nr="342" mi="6" ci="0" mb="0" cb="0"/><line nr="343" mi="1" ci="0" mb="0" cb="0"/><line nr="344" mi="1" ci="0" mb="0" cb="0"/><line nr="358" mi="4" ci="0" mb="0" cb="0"/><line nr="360" mi="4" ci="0" mb="0" cb="0"/><line nr="362" mi="4" ci="0" mb="0" cb="0"/><line nr="364" mi="16" ci="0" mb="2" cb="0"/><line nr="366" mi="7" ci="0" mb="0" cb="0"/><line nr="369" mi="2" ci="0" mb="0" cb="0"/><line nr="382" mi="3" ci="0" mb="0" cb="0"/><line nr="383" mi="5" ci="0" mb="0" cb="0"/><line nr="385" mi="4" ci="0" mb="0" cb="0"/><line nr="387" mi="16" ci="0" mb="2" cb="0"/><line nr="389" mi="3" ci="0" mb="2" cb="0"/><line nr="391" mi="7" ci="0" mb="2" cb="0"/><line nr="393" mi="5" ci="0" mb="0" cb="0"/><line nr="394" mi="3" ci="0" mb="0" cb="0"/><line nr="395" mi="9" ci="0" mb="0" cb="0"/><line nr="399" mi="4" ci="0" mb="0" cb="0"/><line nr="403" mi="8" ci="0" mb="2" cb="0"/><line nr="405" mi="4" ci="0" mb="0" cb="0"/><line nr="406" mi="3" ci="0" mb="2" cb="0"/><line nr="408" mi="12" ci="0" mb="0" cb="0"/><line nr="410" mi="3" ci="0" mb="2" cb="0"/><line nr="412" mi="5" ci="0" mb="0" cb="0"/><line nr="416" mi="4" ci="0" mb="0" cb="0"/><line nr="420" mi="5" ci="0" mb="0" cb="0"/><line nr="421" mi="1" ci="0" mb="0" cb="0"/><line nr="431" mi="2" ci="0" mb="0" cb="0"/><line nr="432" mi="13" ci="0" mb="4" cb="0"/><line nr="434" mi="1" ci="0" mb="0" cb="0"/><line nr="436" mi="15" ci="0" mb="4" cb="0"/><line nr="438" mi="5" ci="0" mb="2" cb="0"/><line nr="440" mi="1" ci="0" mb="0" cb="0"/><line nr="441" mi="1" ci="0" mb="0" cb="0"/><line nr="444" mi="2" ci="0" mb="0" cb="0"/><line nr="449" mi="12" ci="0" mb="6" cb="0"/><line nr="450" mi="4" ci="0" mb="2" cb="0"/><line nr="453" mi="8" ci="0" mb="0" cb="0"/><line nr="456" mi="2" ci="0" mb="0" cb="0"/><counter type="INSTRUCTION" missed="802" covered="0"/><counter type="BRANCH" missed="110" covered="0"/><counter type="LINE" missed="159" covered="0"/><counter type="COMPLEXITY" missed="71" covered="0"/><counter type="METHOD" missed="16" covered="0"/><counter type="CLASS" missed="1" covered="0"/></sourcefile><sourcefile name="PackageType.java"><line nr="22" mi="0" ci="20" mb="0" cb="0"/><line nr="23" mi="0" ci="6" mb="0" cb="0"/><line nr="24" mi="0" ci="6" mb="0" cb="0"/><line nr="25" mi="0" ci="6" mb="0" cb="0"/><line nr="26" mi="0" ci="6" mb="0" cb="0"/><counter type="INSTRUCTION" missed="0" covered="44"/><counter type="LINE" missed="0" covered="5"/><counter type="COMPLEXITY" missed="0" covered="1"/><counter type="METHOD" missed="0" covered="1"/><counter type="CLASS" missed="0" covered="1"/></sourcefile><sourcefile name="JPackageMojo.java"><line nr="98" mi="0" ci="2" mb="0" cb="0"/><line nr="149" mi="0" ci="6" mb="0" cb="0"/><line nr="786" mi="2" ci="0" mb="0" cb="0"/><line nr="788" mi="3" ci="0" mb="0" cb="0"/><line nr="789" mi="4" ci="0" mb="0" cb="0"/><line nr="791" mi="6" ci="0" mb="0" cb="0"/><line nr="792" mi="1" ci="0" mb="0" cb="0"/><line nr="793" mi="17" ci="0" mb="0" cb="0"/><line nr="796" mi="2" ci="0" mb="0" cb="0"/><line nr="797" mi="1" ci="0" mb="0" cb="0"/><line nr="799" mi="3" ci="0" mb="2" cb="0"/><line nr="800" mi="3" ci="0" mb="0" cb="0"/><line nr="801" mi="4" ci="0" mb="0" cb="0"/><line nr="803" mi="6" ci="0" mb="0" cb="0"/><line nr="804" mi="1" ci="0" mb="0" cb="0"/><line nr="805" mi="17" ci="0" mb="0" cb="0"/><line nr="808" mi="2" ci="0" mb="0" cb="0"/><line nr="809" mi="1" ci="0" mb="0" cb="0"/><line nr="812" mi="8" ci="0" mb="4" cb="0"/><line nr="813" mi="3" ci="0" mb="0" cb="0"/><line nr="814" mi="4" ci="0" mb="0" cb="0"/><line nr="815" mi="6" ci="0" mb="4" cb="0"/><line nr="817" mi="4" ci="0" mb="0" cb="0"/><line nr="818" mi="1" ci="0" mb="0" cb="0"/><line nr="820" mi="4" ci="0" mb="0" cb="0"/><line nr="821" mi="1" ci="0" mb="0" cb="0"/><line nr="823" mi="4" ci="0" mb="0" cb="0"/><line nr="824" mi="1" ci="0" mb="0" cb="0"/><line nr="830" mi="3" ci="0" mb="2" cb="0"/><line nr="831" mi="3" ci="0" mb="0" cb="0"/><line nr="832" mi="4" ci="0" mb="0" cb="0"/><line nr="835" mi="4" ci="0" mb="2" cb="0"/><line nr="836" mi="3" ci="0" mb="0" cb="0"/><line nr="837" mi="4" ci="0" mb="0" cb="0"/><line nr="838" mi="7" ci="0" mb="0" cb="0"/><line nr="842" mi="4" ci="0" mb="2" cb="0"/><line nr="843" mi="3" ci="0" mb="0" cb="0"/><line nr="844" mi="4" ci="0" mb="0" cb="0"/><line nr="845" mi="7" ci="0" mb="0" cb="0"/><line nr="849" mi="4" ci="0" mb="2" cb="0"/><line nr="850" mi="3" ci="0" mb="0" cb="0"/><line nr="851" mi="4" ci="0" mb="0" cb="0"/><line nr="852" mi="8" ci="0" mb="0" cb="0"/><line nr="853" mi="2" ci="0" mb="0" cb="0"/><line nr="856" mi="4" ci="0" mb="2" cb="0"/><line nr="857" mi="3" ci="0" mb="0" cb="0"/><line nr="858" mi="4" ci="0" mb="0" cb="0"/><line nr="859" mi="7" ci="0" mb="0" cb="0"/><line nr="863" mi="4" ci="0" mb="2" cb="0"/><line nr="864" mi="3" ci="0" mb="0" cb="0"/><line nr="865" mi="4" ci="0" mb="0" cb="0"/><line nr="866" mi="7" ci="0" mb="0" cb="0"/><line nr="870" mi="3" ci="0" mb="2" cb="0"/><line nr="871" mi="3" ci="0" mb="0" cb="0"/><line nr="872" mi="4" ci="0" mb="0" cb="0"/><line nr="874" mi="6" ci="0" mb="0" cb="0"/><line nr="875" mi="1" ci="0" mb="0" cb="0"/><line nr="876" mi="17" ci="0" mb="0" cb="0"/><line nr="879" mi="2" ci="0" mb="0" cb="0"/><line nr="880" mi="1" ci="0" mb="0" cb="0"/><line nr="883" mi="3" ci="0" mb="2" cb="0"/><line nr="884" mi="3" ci="0" mb="0" cb="0"/><line nr="885" mi="4" ci="0" mb="0" cb="0"/><line nr="887" mi="6" ci="0" mb="0" cb="0"/><line nr="888" mi="1" ci="0" mb="0" cb="0"/><line nr="889" mi="17" ci="0" mb="0" cb="0"/><line nr="892" mi="2" ci="0" mb="0" cb="0"/><line nr="893" mi="1" ci="0" mb="0" cb="0"/><line nr="896" mi="3" ci="0" mb="2" cb="0"/><line nr="897" mi="3" ci="0" mb="0" cb="0"/><line nr="898" mi="4" ci="0" mb="0" cb="0"/><line nr="900" mi="6" ci="0" mb="0" cb="0"/><line nr="901" mi="1" ci="0" mb="0" cb="0"/><line nr="902" mi="17" ci="0" mb="0" cb="0"/><line nr="905" mi="2" ci="0" mb="0" cb="0"/><line nr="906" mi="1" ci="0" mb="0" cb="0"/><line nr="909" mi="4" ci="0" mb="2" cb="0"/><line nr="910" mi="3" ci="0" mb="0" cb="0"/><line nr="911" mi="4" ci="0" mb="0" cb="0"/><line nr="912" mi="6" ci="0" mb="0" cb="0"/><line nr="916" mi="4" ci="0" mb="2" cb="0"/><line nr="917" mi="3" ci="0" mb="0" cb="0"/><line nr="918" mi="4" ci="0" mb="0" cb="0"/><line nr="919" mi="7" ci="0" mb="0" cb="0"/><line nr="923" mi="4" ci="0" mb="2" cb="0"/><line nr="924" mi="3" ci="0" mb="0" cb="0"/><line nr="925" mi="4" ci="0" mb="0" cb="0"/><line nr="926" mi="6" ci="0" mb="0" cb="0"/><line nr="930" mi="4" ci="0" mb="2" cb="0"/><line nr="931" mi="3" ci="0" mb="0" cb="0"/><line nr="932" mi="4" ci="0" mb="0" cb="0"/><line nr="933" mi="7" ci="0" mb="0" cb="0"/><line nr="937" mi="4" ci="0" mb="2" cb="0"/><line nr="938" mi="3" ci="0" mb="0" cb="0"/><line nr="939" mi="4" ci="0" mb="0" cb="0"/><line nr="940" mi="7" ci="0" mb="0" cb="0"/><line nr="944" mi="7" ci="0" mb="4" cb="0"/><line nr="945" mi="11" ci="0" mb="2" cb="0"/><line nr="946" mi="4" ci="0" mb="0" cb="0"/><line nr="947" mi="3" ci="0" mb="2" cb="0"/><line nr="948" mi="4" ci="0" mb="0" cb="0"/><line nr="949" mi="5" ci="0" mb="0" cb="0"/><line nr="950" mi="3" ci="0" mb="0" cb="0"/><line nr="951" mi="4" ci="0" mb="0" cb="0"/><line nr="953" mi="7" ci="0" mb="0" cb="0"/><line nr="954" mi="1" ci="0" mb="0" cb="0"/><line nr="955" mi="16" ci="0" mb="0" cb="0"/><line nr="958" mi="2" ci="0" mb="0" cb="0"/><line nr="959" mi="1" ci="0" mb="0" cb="0"/><line nr="961" mi="1" ci="0" mb="0" cb="0"/><line nr="964" mi="3" ci="0" mb="2" cb="0"/><line nr="965" mi="3" ci="0" mb="0" cb="0"/><line nr="966" mi="4" ci="0" mb="0" cb="0"/><line nr="969" mi="3" ci="0" mb="2" cb="0"/><line nr="970" mi="3" ci="0" mb="0" cb="0"/><line nr="971" mi="4" ci="0" mb="0" cb="0"/><line nr="973" mi="6" ci="0" mb="0" cb="0"/><line nr="974" mi="1" ci="0" mb="0" cb="0"/><line nr="975" mi="17" ci="0" mb="0" cb="0"/><line nr="978" mi="2" ci="0" mb="0" cb="0"/><line nr="979" mi="1" ci="0" mb="0" cb="0"/><line nr="982" mi="3" ci="0" mb="2" cb="0"/><line nr="983" mi="3" ci="0" mb="0" cb="0"/><line nr="984" mi="4" ci="0" mb="0" cb="0"/><line nr="986" mi="6" ci="0" mb="0" cb="0"/><line nr="987" mi="1" ci="0" mb="0" cb="0"/><line nr="988" mi="17" ci="0" mb="0" cb="0"/><line nr="991" mi="2" ci="0" mb="0" cb="0"/><line nr="992" mi="1" ci="0" mb="0" cb="0"/><line nr="995" mi="4" ci="0" mb="2" cb="0"/><line nr="996" mi="3" ci="0" mb="0" cb="0"/><line nr="997" mi="4" ci="0" mb="0" cb="0"/><line nr="998" mi="7" ci="0" mb="0" cb="0"/><line nr="1002" mi="3" ci="0" mb="2" cb="0"/><line nr="1003" mi="3" ci="0" mb="0" cb="0"/><line nr="1004" mi="4" ci="0" mb="0" cb="0"/><line nr="1006" mi="6" ci="0" mb="0" cb="0"/><line nr="1007" mi="1" ci="0" mb="0" cb="0"/><line nr="1008" mi="17" ci="0" mb="0" cb="0"/><line nr="1011" mi="2" ci="0" mb="0" cb="0"/><line nr="1012" mi="1" ci="0" mb="0" cb="0"/><line nr="1015" mi="3" ci="0" mb="2" cb="0"/><line nr="1016" mi="3" ci="0" mb="0" cb="0"/><line nr="1017" mi="4" ci="0" mb="0" cb="0"/><line nr="1019" mi="6" ci="0" mb="0" cb="0"/><line nr="1020" mi="1" ci="0" mb="0" cb="0"/><line nr="1021" mi="17" ci="0" mb="0" cb="0"/><line nr="1024" mi="2" ci="0" mb="0" cb="0"/><line nr="1025" mi="1" ci="0" mb="0" cb="0"/><line nr="1028" mi="3" ci="0" mb="2" cb="0"/><line nr="1029" mi="3" ci="0" mb="0" cb="0"/><line nr="1030" mi="4" ci="0" mb="0" cb="0"/><line nr="1033" mi="3" ci="0" mb="2" cb="0"/><line nr="1034" mi="3" ci="0" mb="0" cb="0"/><line nr="1035" mi="4" ci="0" mb="0" cb="0"/><line nr="1038" mi="4" ci="0" mb="2" cb="0"/><line nr="1039" mi="3" ci="0" mb="0" cb="0"/><line nr="1040" mi="4" ci="0" mb="0" cb="0"/><line nr="1041" mi="7" ci="0" mb="0" cb="0"/><line nr="1045" mi="3" ci="0" mb="2" cb="0"/><line nr="1046" mi="3" ci="0" mb="0" cb="0"/><line nr="1047" mi="4" ci="0" mb="0" cb="0"/><line nr="1050" mi="3" ci="0" mb="2" cb="0"/><line nr="1051" mi="3" ci="0" mb="0" cb="0"/><line nr="1052" mi="4" ci="0" mb="0" cb="0"/><line nr="1055" mi="4" ci="0" mb="2" cb="0"/><line nr="1056" mi="3" ci="0" mb="0" cb="0"/><line nr="1057" mi="4" ci="0" mb="0" cb="0"/><line nr="1058" mi="7" ci="0" mb="0" cb="0"/><line nr="1062" mi="4" ci="0" mb="2" cb="0"/><line nr="1063" mi="3" ci="0" mb="0" cb="0"/><line nr="1064" mi="4" ci="0" mb="0" cb="0"/><line nr="1065" mi="7" ci="0" mb="0" cb="0"/><line nr="1069" mi="4" ci="0" mb="2" cb="0"/><line nr="1070" mi="3" ci="0" mb="0" cb="0"/><line nr="1071" mi="4" ci="0" mb="0" cb="0"/><line nr="1072" mi="7" ci="0" mb="0" cb="0"/><line nr="1076" mi="4" ci="0" mb="2" cb="0"/><line nr="1077" mi="3" ci="0" mb="0" cb="0"/><line nr="1078" mi="4" ci="0" mb="0" cb="0"/><line nr="1079" mi="7" ci="0" mb="0" cb="0"/><line nr="1083" mi="3" ci="0" mb="2" cb="0"/><line nr="1084" mi="3" ci="0" mb="0" cb="0"/><line nr="1085" mi="4" ci="0" mb="0" cb="0"/><line nr="1088" mi="3" ci="0" mb="2" cb="0"/><line nr="1089" mi="3" ci="0" mb="0" cb="0"/><line nr="1090" mi="4" ci="0" mb="0" cb="0"/><line nr="1092" mi="6" ci="0" mb="0" cb="0"/><line nr="1093" mi="1" ci="0" mb="0" cb="0"/><line nr="1094" mi="17" ci="0" mb="0" cb="0"/><line nr="1097" mi="2" ci="0" mb="0" cb="0"/><line nr="1098" mi="1" ci="0" mb="0" cb="0"/><line nr="1101" mi="4" ci="0" mb="2" cb="0"/><line nr="1102" mi="3" ci="0" mb="0" cb="0"/><line nr="1103" mi="4" ci="0" mb="0" cb="0"/><line nr="1104" mi="7" ci="0" mb="0" cb="0"/><line nr="1108" mi="4" ci="0" mb="2" cb="0"/><line nr="1109" mi="3" ci="0" mb="0" cb="0"/><line nr="1110" mi="4" ci="0" mb="0" cb="0"/><line nr="1111" mi="7" ci="0" mb="0" cb="0"/><line nr="1115" mi="4" ci="0" mb="2" cb="0"/><line nr="1116" mi="3" ci="0" mb="0" cb="0"/><line nr="1117" mi="4" ci="0" mb="0" cb="0"/><line nr="1118" mi="7" ci="0" mb="0" cb="0"/><line nr="1122" mi="4" ci="0" mb="2" cb="0"/><line nr="1123" mi="3" ci="0" mb="0" cb="0"/><line nr="1124" mi="4" ci="0" mb="0" cb="0"/><line nr="1125" mi="7" ci="0" mb="0" cb="0"/><line nr="1129" mi="3" ci="0" mb="2" cb="0"/><line nr="1130" mi="3" ci="0" mb="0" cb="0"/><line nr="1131" mi="4" ci="0" mb="0" cb="0"/><line nr="1134" mi="4" ci="0" mb="2" cb="0"/><line nr="1135" mi="3" ci="0" mb="0" cb="0"/><line nr="1136" mi="4" ci="0" mb="0" cb="0"/><line nr="1137" mi="7" ci="0" mb="0" cb="0"/><line nr="1141" mi="4" ci="0" mb="2" cb="0"/><line nr="1142" mi="3" ci="0" mb="0" cb="0"/><line nr="1143" mi="4" ci="0" mb="0" cb="0"/><line nr="1144" mi="7" ci="0" mb="0" cb="0"/><line nr="1148" mi="4" ci="0" mb="2" cb="0"/><line nr="1149" mi="3" ci="0" mb="0" cb="0"/><line nr="1150" mi="4" ci="0" mb="0" cb="0"/><line nr="1151" mi="7" ci="0" mb="0" cb="0"/><line nr="1155" mi="3" ci="0" mb="2" cb="0"/><line nr="1156" mi="3" ci="0" mb="0" cb="0"/><line nr="1157" mi="4" ci="0" mb="0" cb="0"/><line nr="1159" mi="1" ci="0" mb="0" cb="0"/><line nr="1173" mi="3" ci="0" mb="0" cb="0"/><line nr="1177" mi="5" ci="0" mb="0" cb="0"/><line nr="1178" mi="1" ci="0" mb="0" cb="0"/><line nr="1179" mi="13" ci="0" mb="0" cb="0"/><line nr="1182" mi="1" ci="0" mb="0" cb="0"/><line nr="1186" mi="8" ci="0" mb="0" cb="0"/><line nr="1187" mi="2" ci="0" mb="0" cb="0"/><line nr="1188" mi="1" ci="0" mb="0" cb="0"/><line nr="1189" mi="13" ci="0" mb="0" cb="0"/><line nr="1192" mi="1" ci="0" mb="0" cb="0"/><line nr="1194" mi="1" ci="0" mb="0" cb="0"/><line nr="1195" mi="7" ci="0" mb="0" cb="0"/><line nr="1196" mi="4" ci="0" mb="0" cb="0"/><line nr="1197" mi="1" ci="0" mb="0" cb="0"/><line nr="1198" mi="13" ci="0" mb="0" cb="0"/><line nr="1201" mi="1" ci="0" mb="0" cb="0"/><line nr="1202" mi="4" ci="0" mb="2" cb="0"/><line nr="1203" mi="11" ci="0" mb="0" cb="0"/><line nr="1205" mi="2" ci="0" mb="0" cb="0"/><line nr="1206" mi="2" ci="0" mb="0" cb="0"/><line nr="1208" mi="2" ci="0" mb="0" cb="0"/><line nr="1224" mi="4" ci="0" mb="0" cb="0"/><line nr="1225" mi="4" ci="0" mb="2" cb="0"/><line nr="1226" mi="5" ci="0" mb="0" cb="0"/><line nr="1230" mi="4" ci="0" mb="0" cb="0"/><line nr="1233" mi="5" ci="0" mb="0" cb="0"/><line nr="1260" mi="6" ci="0" mb="0" cb="0"/><line nr="1261" mi="13" ci="0" mb="4" cb="0"/><line nr="1262" mi="4" ci="0" mb="0" cb="0"/><line nr="1263" mi="3" ci="0" mb="0" cb="0"/><line nr="1267" mi="8" ci="0" mb="0" cb="0"/><line nr="1268" mi="12" ci="0" mb="4" cb="0"/><line nr="1269" mi="8" ci="0" mb="0" cb="0"/><line nr="1270" mi="3" ci="0" mb="0" cb="0"/><line nr="1274" mi="1" ci="0" mb="0" cb="0"/><line nr="1275" mi="2" ci="0" mb="0" cb="0"/><line nr="1278" mi="1" ci="0" mb="0" cb="0"/><line nr="1279" mi="6" ci="0" mb="0" cb="0"/><line nr="1280" mi="6" ci="0" mb="4" cb="0"/><line nr="1281" mi="4" ci="0" mb="0" cb="0"/><line nr="1285" mi="3" ci="0" mb="2" cb="0"/><line nr="1286" mi="5" ci="0" mb="0" cb="0"/><line nr="1291" mi="5" ci="0" mb="0" cb="0"/><line nr="1292" mi="1" ci="0" mb="0" cb="0"/><line nr="1293" mi="6" ci="0" mb="0" cb="0"/><line nr="1305" mi="2" ci="0" mb="0" cb="0"/><line nr="1306" mi="2" ci="0" mb="0" cb="0"/><line nr="1307" mi="2" ci="0" mb="2" cb="0"/><line nr="1309" mi="4" ci="0" mb="2" cb="0"/><line nr="1310" mi="5" ci="0" mb="0" cb="0"/><line nr="1313" mi="4" ci="0" mb="2" cb="0"/><line nr="1314" mi="10" ci="0" mb="0" cb="0"/><line nr="1315" mi="2" ci="0" mb="0" cb="0"/><line nr="1318" mi="2" ci="0" mb="0" cb="0"/><line nr="1327" mi="4" ci="0" mb="0" cb="0"/><line nr="1328" mi="3" ci="0" mb="0" cb="0"/><line nr="1329" mi="12" ci="0" mb="4" cb="0"/><line nr="1330" mi="3" ci="0" mb="0" cb="0"/><line nr="1331" mi="4" ci="0" mb="0" cb="0"/><line nr="1332" mi="5" ci="0" mb="0" cb="0"/><line nr="1342" mi="3" ci="0" mb="0" cb="0"/><line nr="1343" mi="2" ci="0" mb="0" cb="0"/><line nr="1344" mi="1" ci="0" mb="0" cb="0"/><line nr="1345" mi="4" ci="0" mb="0" cb="0"/><line nr="1346" mi="4" ci="0" mb="2" cb="0"/><line nr="1347" mi="5" ci="0" mb="0" cb="0"/><line nr="1348" mi="2" ci="0" mb="0" cb="0"/><line nr="1349" mi="2" ci="0" mb="0" cb="0"/><line nr="1350" mi="4" ci="0" mb="0" cb="0"/><line nr="1351" mi="5" ci="0" mb="0" cb="0"/><line nr="1353" mi="2" ci="0" mb="0" cb="0"/><line nr="1362" mi="3" ci="0" mb="0" cb="0"/><line nr="1363" mi="1" ci="0" mb="0" cb="0"/><line nr="1364" mi="2" ci="0" mb="0" cb="0"/><line nr="1365" mi="1" ci="0" mb="0" cb="0"/><line nr="1366" mi="4" ci="0" mb="0" cb="0"/><line nr="1367" mi="4" ci="0" mb="2" cb="0"/><line nr="1368" mi="5" ci="0" mb="0" cb="0"/><line nr="1369" mi="3" ci="0" mb="0" cb="0"/><line nr="1370" mi="4" ci="0" mb="0" cb="0"/><line nr="1371" mi="12" ci="0" mb="4" cb="0"/><line nr="1372" mi="6" ci="0" mb="0" cb="0"/><line nr="1373" mi="5" ci="0" mb="2" cb="0"/><line nr="1374" mi="1" ci="0" mb="0" cb="0"/><line nr="1377" mi="1" ci="0" mb="0" cb="0"/><line nr="1380" mi="1" ci="0" mb="0" cb="0"/><line nr="1382" mi="8" ci="0" mb="4" cb="0"/><line nr="1383" mi="2" ci="0" mb="0" cb="0"/><line nr="1384" mi="3" ci="0" mb="0" cb="0"/><line nr="1385" mi="2" ci="0" mb="0" cb="0"/><line nr="1386" mi="5" ci="0" mb="0" cb="0"/><line nr="1388" mi="2" ci="0" mb="0" cb="0"/><line nr="1397" mi="2" ci="0" mb="0" cb="0"/><line nr="1398" mi="3" ci="0" mb="2" cb="0"/><line nr="1399" mi="4" ci="0" mb="0" cb="0"/><line nr="1400" mi="5" ci="0" mb="4" cb="0"/><line nr="1401" mi="3" ci="0" mb="0" cb="0"/><line nr="1402" mi="2" ci="0" mb="0" cb="0"/><line nr="1403" mi="5" ci="0" mb="0" cb="0"/><line nr="1404" mi="4" ci="0" mb="0" cb="0"/><line nr="1405" mi="4" ci="0" mb="2" cb="0"/><line nr="1406" mi="6" ci="0" mb="0" cb="0"/><line nr="1408" mi="4" ci="0" mb="0" cb="0"/><line nr="1412" mi="2" ci="0" mb="0" cb="0"/><line nr="1424" mi="2" ci="0" mb="0" cb="0"/><line nr="1425" mi="3" ci="0" mb="2" cb="0"/><line nr="1426" mi="4" ci="0" mb="0" cb="0"/><line nr="1427" mi="5" ci="0" mb="4" cb="0"/><line nr="1428" mi="10" ci="0" mb="2" cb="0"/><line nr="1431" mi="1" ci="0" mb="0" cb="0"/><line nr="1432" mi="4" ci="0" mb="0" cb="0"/><line nr="1433" mi="1" ci="0" mb="0" cb="0"/><line nr="1434" mi="6" ci="0" mb="0" cb="0"/><line nr="1436" mi="1" ci="0" mb="0" cb="0"/><line nr="1437" mi="6" ci="0" mb="0" cb="0"/><line nr="1438" mi="10" ci="0" mb="2" cb="0"/><line nr="1439" mi="7" ci="0" mb="0" cb="0"/><line nr="1440" mi="2" ci="0" mb="0" cb="0"/><line nr="1441" mi="4" ci="0" mb="0" cb="0"/><line nr="1442" mi="4" ci="0" mb="2" cb="0"/><line nr="1443" mi="7" ci="0" mb="0" cb="0"/><line nr="1446" mi="1" ci="0" mb="0" cb="0"/><line nr="1449" mi="2" ci="0" mb="0" cb="0"/><line nr="1461" mi="2" ci="0" mb="0" cb="0"/><line nr="1462" mi="3" ci="0" mb="2" cb="0"/><line nr="1463" mi="4" ci="0" mb="0" cb="0"/><line nr="1464" mi="5" ci="0" mb="4" cb="0"/><line nr="1465" mi="10" ci="0" mb="2" cb="0"/><line nr="1468" mi="1" ci="0" mb="0" cb="0"/><line nr="1469" mi="4" ci="0" mb="0" cb="0"/><line nr="1470" mi="1" ci="0" mb="0" cb="0"/><line nr="1471" mi="6" ci="0" mb="0" cb="0"/><line nr="1473" mi="1" ci="0" mb="0" cb="0"/><line nr="1474" mi="6" ci="0" mb="0" cb="0"/><line nr="1475" mi="10" ci="0" mb="2" cb="0"/><line nr="1476" mi="7" ci="0" mb="0" cb="0"/><line nr="1477" mi="2" ci="0" mb="0" cb="0"/><line nr="1478" mi="4" ci="0" mb="0" cb="0"/><line nr="1479" mi="4" ci="0" mb="2" cb="0"/><line nr="1480" mi="7" ci="0" mb="0" cb="0"/><line nr="1483" mi="1" ci="0" mb="0" cb="0"/><line nr="1486" mi="2" ci="0" mb="0" cb="0"/><line nr="1495" mi="2" ci="0" mb="0" cb="0"/><line nr="1496" mi="3" ci="0" mb="2" cb="0"/><line nr="1497" mi="2" ci="0" mb="0" cb="0"/><line nr="1498" mi="2" ci="0" mb="0" cb="0"/><line nr="1499" mi="5" ci="0" mb="4" cb="0"/><line nr="1500" mi="10" ci="0" mb="2" cb="0"/><line nr="1501" mi="3" ci="0" mb="0" cb="0"/><line nr="1502" mi="2" ci="0" mb="0" cb="0"/><line nr="1503" mi="4" ci="0" mb="0" cb="0"/><line nr="1504" mi="4" ci="0" mb="2" cb="0"/><line nr="1505" mi="7" ci="0" mb="0" cb="0"/><line nr="1508" mi="1" ci="0" mb="0" cb="0"/><line nr="1511" mi="2" ci="0" mb="0" cb="0"/><line nr="1523" mi="9" ci="0" mb="0" cb="0"/><line nr="1524" mi="6" ci="0" mb="2" cb="0"/><line nr="1525" mi="5" ci="0" mb="2" cb="0"/><line nr="1526" mi="10" ci="0" mb="2" cb="0"/><line nr="1527" mi="6" ci="0" mb="0" cb="0"/><line nr="1528" mi="3" ci="0" mb="0" cb="0"/><line nr="1540" mi="9" ci="0" mb="0" cb="0"/><line nr="1541" mi="6" ci="0" mb="2" cb="0"/><line nr="1542" mi="5" ci="0" mb="2" cb="0"/><line nr="1543" mi="10" ci="0" mb="2" cb="0"/><line nr="1544" mi="6" ci="0" mb="0" cb="0"/><line nr="1545" mi="3" ci="0" mb="0" cb="0"/><line nr="1564" mi="2" ci="0" mb="2" cb="0"/><line nr="1565" mi="4" ci="0" mb="2" cb="0"/><line nr="1566" mi="6" ci="0" mb="0" cb="0"/><line nr="1569" mi="7" ci="0" mb="4" cb="0"/><line nr="1570" mi="5" ci="0" mb="0" cb="0"/><line nr="1574" mi="2" ci="0" mb="0" cb="0"/><line nr="1576" mi="2" ci="0" mb="2" cb="0"/><line nr="1578" mi="2" ci="0" mb="0" cb="0"/><line nr="1580" mi="6" ci="0" mb="4" cb="0"/><line nr="1581" mi="3" ci="0" mb="2" cb="0"/><line nr="1582" mi="5" ci="0" mb="0" cb="0"/><line nr="1585" mi="5" ci="0" mb="2" cb="0"/><line nr="1586" mi="2" ci="0" mb="0" cb="0"/><line nr="1587" mi="4" ci="0" mb="2" cb="0"/><line nr="1588" mi="6" ci="0" mb="0" cb="0"/><line nr="1592" mi="6" ci="0" mb="4" cb="0"/><line nr="1593" mi="2" ci="0" mb="2" cb="0"/><line nr="1594" mi="4" ci="0" mb="2" cb="0"/><line nr="1595" mi="6" ci="0" mb="0" cb="0"/><line nr="1598" mi="5" ci="0" mb="2" cb="0"/><line nr="1599" mi="3" ci="0" mb="2" cb="0"/><line nr="1600" mi="2" ci="0" mb="0" cb="0"/><line nr="1601" mi="4" ci="0" mb="2" cb="0"/><line nr="1602" mi="6" ci="0" mb="0" cb="0"/><line nr="1605" mi="4" ci="0" mb="2" cb="0"/><line nr="1606" mi="6" ci="0" mb="0" cb="0"/><line nr="1610" mi="10" ci="0" mb="2" cb="0"/><line nr="1611" mi="6" ci="0" mb="2" cb="0"/><line nr="1616" mi="4" ci="0" mb="2" cb="0"/><line nr="1617" mi="7" ci="0" mb="0" cb="0"/><line nr="1621" mi="2" ci="0" mb="0" cb="0"/><line nr="1638" mi="7" ci="0" mb="2" cb="0"/><line nr="1640" mi="3" ci="0" mb="0" cb="0"/><line nr="1641" mi="3" ci="0" mb="0" cb="0"/><line nr="1643" mi="2" ci="0" mb="0" cb="0"/><line nr="1645" mi="5" ci="0" mb="4" cb="0"/><line nr="1646" mi="5" ci="0" mb="4" cb="0"/><line nr="1647" mi="3" ci="0" mb="0" cb="0"/><line nr="1649" mi="7
[...]
d="0"/><counter type="LINE" missed="1" covered="0"/><counter type="COMPLEXITY" missed="1" covered="0"/><counter type="METHOD" missed="1" covered="0"/></method><method name="lambda$getPathExt$2" desc="(Ljava/lang/String;)Z" line="523"><counter type="INSTRUCTION" missed="7" covered="0"/><counter type="BRANCH" missed="2" covered="0"/><counter type="LINE" missed="1" covered="0"/><counter type="COMPLEXITY" missed="2" covered="0"/><counter type="METHOD" missed="1" covered="0"/></method><method name="lambda$getSystemPath$1" desc="(Ljava/lang/String;)Ljava/nio/file/Path;" line="506"><counter type="INSTRUCTION" missed="6" covered="0"/><counter type="LINE" missed="1" covered="0"/><counter type="COMPLEXITY" missed="1" covered="0"/><counter type="METHOD" missed="1" covered="0"/></method><method name="lambda$getSystemPath$0" desc="(Ljava/lang/String;)Z" line="505"><counter type="INSTRUCTION" missed="7" covered="0"/><counter type="BRANCH" missed="2" covered="0"/><counter type="LINE" missed="1" covered="0"/><counter type="COMPLEXITY" missed="2" covered="0"/><counter type="METHOD" missed="1" covered="0"/></method><counter type="INSTRUCTION" missed="1240" covered="6"/><counter type="BRANCH" missed="182" covered="0"/><counter type="LINE" missed="273" covered="2"/><counter type="COMPLEXITY" missed="129" covered="1"/><counter type="METHOD" missed="38" covered="1"/><counter type="CLASS" missed="0" covered="1"/></class><class name="ru/akman/maven/plugins/CommandLineBuilder" sourcefilename="CommandLineBuilder.java"><method name="&lt;init&gt;" desc="()V" line="43"><counter type="INSTRUCTION" missed="13" covered="0"/><counter type="LINE" missed="4" covered="0"/><counter type="COMPLEXITY" missed="1" covered="0"/><counter type="METHOD" missed="1" covered="0"/></method><method name="setExecutable" desc="(Ljava/lang/String;)V" line="54"><counter type="INSTRUCTION" missed="5" covered="0"/><counter type="LINE" missed="2" covered="0"/><counter type="COMPLEXITY" missed="1" covered="0"/><counter type="METHOD" missed="1" covered="0"/></method><method name="createOpt" desc="()Lru/akman/maven/plugins/CommandLineOption;" line="63"><counter type="INSTRUCTION" missed="13" covered="0"/><counter type="LINE" missed="3" covered="0"/><counter type="COMPLEXITY" missed="1" covered="0"/><counter type="METHOD" missed="1" covered="0"/></method><method name="createArg" desc="()Lorg/codehaus/plexus/util/cli/Arg;" line="75"><counter type="INSTRUCTION" missed="4" covered="0"/><counter type="LINE" missed="1" covered="0"/><counter type="COMPLEXITY" missed="1" covered="0"/><counter type="METHOD" missed="1" covered="0"/></method><method name="buildCommandLine" desc="()Lorg/codehaus/plexus/util/cli/Commandline;" line="84"><counter type="INSTRUCTION" missed="3" covered="0"/><counter type="LINE" missed="1" covered="0"/><counter type="COMPLEXITY" missed="1" covered="0"/><counter type="METHOD" missed="1" covered="0"/></method><method name="buildOptionList" desc="()Ljava/util/List;" line="93"><counter type="INSTRUCTION" missed="9" covered="0"/><counter type="LINE" missed="3" covered="0"/><counter type="COMPLEXITY" missed="1" covered="0"/><counter type="METHOD" missed="1" covered="0"/></method><method name="lambda$buildOptionList$0" desc="(Lru/akman/maven/plugins/CommandLineOption;)Ljava/lang/String;" line="94"><counter type="INSTRUCTION" missed="3" covered="0"/><counter type="LINE" missed="1" covered="0"/><counter type="COMPLEXITY" missed="1" covered="0"/><counter type="METHOD" missed="1" covered="0"/></method><counter type="INSTRUCTION" missed="50" covered="0"/><counter type="LINE" missed="14" covered="0"/><counter type="COMPLEXITY" missed="7" covered="0"/><counter type="METHOD" missed="7" covered="0"/><counter type="CLASS" missed="1" covered="0"/></class><class name="ru/akman/maven/plugins/CommandLineOption" sourcefilename="CommandLineOption.java"><method name="&lt;init&gt;" desc="(Lorg/codehaus/plexus/util/cli/Commandline;)V" line="46"><counter type="INSTRUCTION" missed="11" covered="0"/><counter type="LINE" missed="4" covered="0"/><counter type="COMPLEXITY" missed="1" covered="0"/><counter type="METHOD" missed="1" covered="0"/></method><method name="createArg" desc="()Lorg/codehaus/plexus/util/cli/Arg;" line="57"><counter type="INSTRUCTION" missed="11" covered="0"/><counter type="LINE" missed="3" covered="0"/><counter type="COMPLEXITY" missed="1" covered="0"/><counter type="METHOD" missed="1" covered="0"/></method><method name="toString" desc="()Ljava/lang/String;" line="69"><counter type="INSTRUCTION" missed="10" covered="0"/><counter type="LINE" missed="3" covered="0"/><counter type="COMPLEXITY" missed="1" covered="0"/><counter type="METHOD" missed="1" covered="0"/></method><method name="lambda$toString$0" desc="(Lorg/codehaus/plexus/util/cli/Arg;)Ljava/util/stream/Stream;" line="70"><counter type="INSTRUCTION" missed="4" covered="0"/><counter type="LINE" missed="1" covered="0"/><counter type="COMPLEXITY" missed="1" covered="0"/><counter type="METHOD" missed="1" covered="0"/></method><counter type="INSTRUCTION" missed="36" covered="0"/><counter type="LINE" missed="10" covered="0"/><counter type="COMPLEXITY" missed="4" covered="0"/><counter type="METHOD" missed="4" covered="0"/><counter type="CLASS" missed="1" covered="0"/></class><sourcefile name="CommandLineOption.java"><line nr="46" mi="2" ci="0" mb="0" cb="0"/><line nr="47" mi="3" ci="0" mb="0" cb="0"/><line nr="48" mi="5" ci="0" mb="0" cb="0"/><line nr="49" mi="1" ci="0" mb="0" cb="0"/><line nr="57" mi="4" ci="0" mb="0" cb="0"/><line nr="58" mi="5" ci="0" mb="0" cb="0"/><line nr="59" mi="2" ci="0" mb="0" cb="0"/><line nr="69" mi="5" ci="0" mb="0" cb="0"/><line nr="70" mi="6" ci="0" mb="0" cb="0"/><line nr="71" mi="3" ci="0" mb="0" cb="0"/><counter type="INSTRUCTION" missed="36" covered="0"/><counter type="LINE" missed="10" covered="0"/><counter type="COMPLEXITY" missed="4" covered="0"/><counter type="METHOD" missed="4" covered="0"/><counter type="CLASS" missed="1" covered="0"/></sourcefile><sourcefile name="BaseToolMojo.java"><line nr="53" mi="0" ci="2" mb="0" cb="0"/><line nr="138" mi="0" ci="4" mb="0" cb="0"/><line nr="221" mi="2" ci="0" mb="2" cb="0"/><line nr="222" mi="2" ci="0" mb="0" cb="0"/><line nr="223" mi="7" ci="0" mb="0" cb="0"/><line nr="224" mi="2" ci="0" mb="2" cb="0"/><line nr="226" mi="5" ci="0" mb="0" cb="0"/><line nr="227" mi="3" ci="0" mb="0" cb="0"/><line nr="228" mi="4" ci="0" mb="2" cb="0"/><line nr="229" mi="15" ci="0" mb="0" cb="0"/><line nr="232" mi="16" ci="0" mb="0" cb="0"/><line nr="236" mi="1" ci="0" mb="0" cb="0"/><line nr="237" mi="4" ci="0" mb="2" cb="0"/><line nr="238" mi="16" ci="0" mb="0" cb="0"/><line nr="242" mi="1" ci="0" mb="0" cb="0"/><line nr="244" mi="2" ci="0" mb="0" cb="0"/><line nr="257" mi="3" ci="0" mb="2" cb="0"/><line nr="258" mi="2" ci="0" mb="0" cb="0"/><line nr="259" mi="2" ci="0" mb="0" cb="0"/><line nr="260" mi="5" ci="0" mb="0" cb="0"/><line nr="261" mi="3" ci="0" mb="2" cb="0"/><line nr="262" mi="2" ci="0" mb="0" cb="0"/><line nr="263" mi="5" ci="0" mb="0" cb="0"/><line nr="264" mi="2" ci="0" mb="0" cb="0"/><line nr="265" mi="4" ci="0" mb="2" cb="0"/><line nr="266" mi="2" ci="0" mb="2" cb="0"/><line nr="268" mi="8" ci="0" mb="0" cb="0"/><line nr="269" mi="6" ci="0" mb="0" cb="0"/><line nr="270" mi="4" ci="0" mb="2" cb="0"/><line nr="271" mi="15" ci="0" mb="0" cb="0"/><line nr="274" mi="16" ci="0" mb="0" cb="0"/><line nr="278" mi="1" ci="0" mb="0" cb="0"/><line nr="279" mi="4" ci="0" mb="2" cb="0"/><line nr="280" mi="16" ci="0" mb="0" cb="0"/><line nr="284" mi="1" ci="0" mb="0" cb="0"/><line nr="286" mi="2" ci="0" mb="0" cb="0"/><line nr="298" mi="3" ci="0" mb="0" cb="0"/><line nr="299" mi="2" ci="0" mb="2" cb="0"/><line nr="300" mi="2" ci="0" mb="0" cb="0"/><line nr="301" mi="7" ci="0" mb="0" cb="0"/><line nr="302" mi="2" ci="0" mb="2" cb="0"/><line nr="304" mi="5" ci="0" mb="0" cb="0"/><line nr="305" mi="3" ci="0" mb="0" cb="0"/><line nr="306" mi="4" ci="0" mb="2" cb="0"/><line nr="307" mi="15" ci="0" mb="0" cb="0"/><line nr="310" mi="16" ci="0" mb="0" cb="0"/><line nr="314" mi="1" ci="0" mb="0" cb="0"/><line nr="315" mi="4" ci="0" mb="2" cb="0"/><line nr="316" mi="16" ci="0" mb="0" cb="0"/><line nr="320" mi="1" ci="0" mb="0" cb="0"/><line nr="322" mi="2" ci="0" mb="0" cb="0"/><line nr="334" mi="3" ci="0" mb="0" cb="0"/><line nr="335" mi="2" ci="0" mb="0" cb="0"/><line nr="336" mi="10" ci="0" mb="2" cb="0"/><line nr="337" mi="6" ci="0" mb="0" cb="0"/><line nr="338" mi="2" ci="0" mb="2" cb="0"/><line nr="339" mi="1" ci="0" mb="0" cb="0"/><line nr="341" mi="1" ci="0" mb="0" cb="0"/><line nr="342" mi="2" ci="0" mb="2" cb="0"/><line nr="344" mi="3" ci="0" mb="0" cb="0"/><line nr="345" mi="3" ci="0" mb="2" cb="0"/><line nr="346" mi="8" ci="0" mb="0" cb="0"/><line nr="347" mi="5" ci="0" mb="0" cb="0"/><line nr="348" mi="4" ci="0" mb="2" cb="0"/><line nr="349" mi="15" ci="0" mb="0" cb="0"/><line nr="352" mi="16" ci="0" mb="0" cb="0"/><line nr="356" mi="1" ci="0" mb="0" cb="0"/><line nr="357" mi="4" ci="0" mb="2" cb="0"/><line nr="358" mi="16" ci="0" mb="0" cb="0"/><line nr="362" mi="1" ci="0" mb="0" cb="0"/><line nr="364" mi="2" ci="0" mb="0" cb="0"/><line nr="388" mi="4" ci="0" mb="0" cb="0"/><line nr="389" mi="2" ci="0" mb="0" cb="0"/><line nr="390" mi="2" ci="0" mb="2" cb="0"/><line nr="391" mi="2" ci="0" mb="0" cb="0"/><line nr="393" mi="4" ci="0" mb="2" cb="0"/><line nr="394" mi="11" ci="0" mb="0" cb="0"/><line nr="397" mi="4" ci="0" mb="0" cb="0"/><line nr="398" mi="2" ci="0" mb="2" cb="0"/><line nr="399" mi="2" ci="0" mb="0" cb="0"/><line nr="401" mi="4" ci="0" mb="2" cb="0"/><line nr="402" mi="11" ci="0" mb="0" cb="0"/><line nr="405" mi="4" ci="0" mb="0" cb="0"/><line nr="406" mi="2" ci="0" mb="2" cb="0"/><line nr="407" mi="2" ci="0" mb="0" cb="0"/><line nr="409" mi="4" ci="0" mb="2" cb="0"/><line nr="410" mi="11" ci="0" mb="0" cb="0"/><line nr="413" mi="4" ci="0" mb="0" cb="0"/><line nr="414" mi="2" ci="0" mb="2" cb="0"/><line nr="415" mi="2" ci="0" mb="0" cb="0"/><line nr="417" mi="4" ci="0" mb="2" cb="0"/><line nr="418" mi="11" ci="0" mb="0" cb="0"/><line nr="421" mi="2" ci="0" mb="0" cb="0"/><line nr="435" mi="5" ci="0" mb="4" cb="0"/><line nr="436" mi="2" ci="0" mb="0" cb="0"/><line nr="438" mi="2" ci="0" mb="0" cb="0"/><line nr="439" mi="3" ci="0" mb="2" cb="0"/><line nr="440" mi="4" ci="0" mb="0" cb="0"/><line nr="442" mi="10" ci="0" mb="4" cb="0"/><line nr="443" mi="2" ci="0" mb="0" cb="0"/><line nr="445" mi="6" ci="0" mb="0" cb="0"/><line nr="458" mi="2" ci="0" mb="0" cb="0"/><line nr="459" mi="2" ci="0" mb="0" cb="0"/><line nr="460" mi="3" ci="0" mb="0" cb="0"/><line nr="461" mi="10" ci="0" mb="2" cb="0"/><line nr="462" mi="2" ci="0" mb="2" cb="0"/><line nr="463" mi="10" ci="0" mb="2" cb="0"/><line nr="464" mi="6" ci="0" mb="0" cb="0"/><line nr="465" mi="6" ci="0" mb="2" cb="0"/><line nr="466" mi="2" ci="0" mb="2" cb="0"/><line nr="467" mi="2" ci="0" mb="0" cb="0"/><line nr="468" mi="1" ci="0" mb="0" cb="0"/><line nr="470" mi="2" ci="0" mb="0" cb="0"/><line nr="472" mi="4" ci="0" mb="0" cb="0"/><line nr="473" mi="6" ci="0" mb="2" cb="0"/><line nr="474" mi="2" ci="0" mb="2" cb="0"/><line nr="475" mi="2" ci="0" mb="0" cb="0"/><line nr="476" mi="1" ci="0" mb="0" cb="0"/><line nr="479" mi="1" ci="0" mb="0" cb="0"/><line nr="480" mi="2" ci="0" mb="0" cb="0"/><line nr="489" mi="4" ci="0" mb="0" cb="0"/><line nr="490" mi="10" ci="0" mb="2" cb="0"/><line nr="500" mi="4" ci="0" mb="0" cb="0"/><line nr="501" mi="3" ci="0" mb="2" cb="0"/><line nr="502" mi="4" ci="0" mb="0" cb="0"/><line nr="504" mi="6" ci="0" mb="0" cb="0"/><line nr="505" mi="9" ci="0" mb="2" cb="0"/><line nr="506" mi="7" ci="0" mb="0" cb="0"/><line nr="507" mi="3" ci="0" mb="0" cb="0"/><line nr="518" mi="2" ci="0" mb="2" cb="0"/><line nr="519" mi="1" ci="0" mb="0" cb="0"/><line nr="520" mi="3" ci="0" mb="0" cb="0"/><line nr="521" mi="3" ci="0" mb="2" cb="0"/><line nr="522" mi="6" ci="0" mb="0" cb="0"/><line nr="523" mi="9" ci="0" mb="2" cb="0"/><line nr="524" mi="4" ci="0" mb="0" cb="0"/><line nr="525" mi="3" ci="0" mb="0" cb="0"/><line nr="528" mi="4" ci="0" mb="0" cb="0"/><line nr="541" mi="4" ci="0" mb="0" cb="0"/><line nr="542" mi="4" ci="0" mb="0" cb="0"/><line nr="543" mi="4" ci="0" mb="0" cb="0"/><line nr="544" mi="4" ci="0" mb="0" cb="0"/><line nr="546" mi="4" ci="0" mb="0" cb="0"/><line nr="548" mi="7" ci="0" mb="2" cb="0"/><line nr="549" mi="4" ci="0" mb="0" cb="0"/><line nr="550" mi="1" ci="0" mb="0" cb="0"/><line nr="561" mi="2" ci="0" mb="0" cb="0"/><line nr="562" mi="2" ci="0" mb="2" cb="0"/><line nr="563" mi="3" ci="0" mb="0" cb="0"/><line nr="564" mi="2" ci="0" mb="0" cb="0"/><line nr="565" mi="3" ci="0" mb="2" cb="0"/><line nr="567" mi="4" ci="0" mb="0" cb="0"/><line nr="568" mi="3" ci="0" mb="0" cb="0"/><line nr="570" mi="4" ci="0" mb="0" cb="0"/><line nr="571" mi="3" ci="0" mb="2" cb="0"/><line nr="572" mi="5" ci="0" mb="0" cb="0"/><line nr="573" mi="3" ci="0" mb="2" cb="0"/><line nr="574" mi="3" ci="0" mb="2" cb="0"/><line nr="575" mi="3" ci="0" mb="0" cb="0"/><line nr="577" mi="5" ci="0" mb="0" cb="0"/><line nr="581" mi="13" ci="0" mb="10" cb="0"/><line nr="586" mi="5" ci="0" mb="0" cb="0"/><line nr="592" mi="2" ci="0" mb="0" cb="0"/><line nr="603" mi="1" ci="0" mb="0" cb="0"/><line nr="604" mi="6" ci="0" mb="0" cb="0"/><line nr="605" mi="6" ci="0" mb="4" cb="0"/><line nr="607" mi="3" ci="0" mb="0" cb="0"/><line nr="620" mi="2" ci="0" mb="2" cb="0"/><line nr="621" mi="4" ci="0" mb="2" cb="0"/><line nr="622" mi="3" ci="0" mb="2" cb="0"/><line nr="623" mi="6" ci="0" mb="0" cb="0"/><line nr="625" mi="3" ci="0" mb="2" cb="0"/><line nr="626" mi="7" ci="0" mb="0" cb="0"/><line nr="630" mi="4" ci="0" mb="2" cb="0"/><line nr="631" mi="6" ci="0" mb="0" cb="0"/><line nr="632" mi="3" ci="0" mb="2" cb="0"/><line nr="633" mi="6" ci="0" mb="0" cb="0"/><line nr="635" mi="3" ci="0" mb="2" cb="0"/><line nr="636" mi="6" ci="0" mb="0" cb="0"/><line nr="638" mi="5" ci="0" mb="0" cb="0"/><line nr="640" mi="3" ci="0" mb="0" cb="0"/><line nr="643" mi="1" ci="0" mb="0" cb="0"/><line nr="651" mi="3" ci="0" mb="0" cb="0"/><line nr="660" mi="3" ci="0" mb="0" cb="0"/><line nr="669" mi="3" ci="0" mb="0" cb="0"/><line nr="678" mi="3" ci="0" mb="0" cb="0"/><line nr="687" mi="3" ci="0" mb="0" cb="0"/><line nr="696" mi="3" ci="0" mb="0" cb="0"/><line nr="706" mi="3" ci="0" mb="0" cb="0"/><line nr="716" mi="3" ci="0" mb="0" cb="0"/><line nr="725" mi="3" ci="0" mb="0" cb="0"/><line nr="734" mi="3" ci="0" mb="0" cb="0"/><line nr="743" mi="3" ci="0" mb="0" cb="0"/><line nr="752" mi="3" ci="0" mb="0" cb="0"/><line nr="761" mi="3" ci="0" mb="0" cb="0"/><line nr="770" mi="3" ci="0" mb="0" cb="0"/><line nr="779" mi="3" ci="0" mb="0" cb="0"/><line nr="788" mi="3" ci="0" mb="0" cb="0"/><line nr="803" mi="6" ci="0" mb="0" cb="0"/><line nr="822" mi="4" ci="0" mb="2" cb="0"/><line nr="823" mi="6" ci="0" mb="0" cb="0"/><line nr="825" mi="2" ci="0" mb="2" cb="0"/><line nr="826" mi="4" ci="0" mb="0" cb="0"/><line nr="827" mi="2" ci="0" mb="0" cb="0"/><line nr="828" mi="2" ci="0" mb="2" cb="0"/><line nr="829" mi="4" ci="0" mb="0" cb="0"/><line nr="830" mi="2" ci="0" mb="0" cb="0"/><line nr="831" mi="3" ci="0" mb="0" cb="0"/><line nr="832" mi="2" ci="0" mb="0" cb="0"/><line nr="833" mi="7" ci="0" mb="0" cb="0"/><line nr="834" mi="1" ci="0" mb="0" cb="0"/><line nr="835" mi="2" ci="0" mb="0" cb="0"/><line nr="851" mi="3" ci="0" mb="2" cb="0"/><line nr="852" mi="5" ci="0" mb="0" cb="0"/><line nr="856" mi="3" ci="0" mb="2" cb="0"/><line nr="857" mi="5" ci="0" mb="0" cb="0"/><line nr="861" mi="5" ci="0" mb="0" cb="0"/><line nr="862" mi="3" ci="0" mb="2" cb="0"/><line nr="863" mi="5" ci="0" mb="0" cb="0"/><line nr="867" mi="9" ci="0" mb="0" cb="0"/><line nr="868" mi="3" ci="0" mb="2" cb="0"/><line nr="869" mi="5" ci="0" mb="0" cb="0"/><line nr="873" mi="9" ci="0" mb="0" cb="0"/><line nr="874" mi="3" ci="0" mb="2" cb="0"/><line nr="875" mi="5" ci="0" mb="0" cb="0"/><line nr="879" mi="5" ci="0" mb="0" cb="0"/><line nr="880" mi="3" ci="0" mb="2" cb="0"/><line nr="881" mi="5" ci="0" mb="0" cb="0"/><line nr="885" mi="8" ci="0" mb="0" cb="0"/><line nr="886" mi="3" ci="0" mb="2" cb="0"/><line nr="887" mi="5" ci="0" mb="0" cb="0"/><line nr="892" mi="3" ci="0" mb="0" cb="0"/><line nr="893" mi="2" ci="0" mb="0" cb="0"/><line nr="895" mi="4" ci="0" mb="0" cb="0"/><line nr="896" mi="1" ci="0" mb="0" cb="0"/><line nr="897" mi="4" ci="0" mb="2" cb="0"/><line nr="898" mi="4" ci="0" mb="0" cb="0"/><line nr="900" mi="1" ci="0" mb="0" cb="0"/><line nr="901" mi="4" ci="0" mb="2" cb="0"/><line nr="902" mi="12" ci="0" mb="0" cb="0"/><line nr="907" mi="9" ci="0" mb="0" cb="0"/><line nr="908" mi="3" ci="0" mb="2" cb="0"/><line nr="909" mi="4" ci="0" mb="2" cb="0"/><line nr="910" mi="5" ci="0" mb="0" cb="0"/><line nr="913" mi="5" ci="0" mb="0" cb="0"/><line nr="914" mi="4" ci="0" mb="2" cb="0"/><line nr="915" mi="5" ci="0" mb="0" cb="0"/><line nr="917" mi="1" ci="0" mb="0" cb="0"/><line nr="922" mi="4" ci="0" mb="0" cb="0"/><line nr="923" mi="3" ci="0" mb="2" cb="0"/><line nr="924" mi="4" ci="0" mb="2" cb="0"/><line nr="925" mi="5" ci="0" mb="0" cb="0"/><line nr="928" mi="4" ci="0" mb="2" cb="0"/><line nr="929" mi="6" ci="0" mb="0" cb="0"/><line nr="934" mi="4" ci="0" mb="0" cb="0"/><line nr="935" mi="2" ci="0" mb="0" cb="0"/><line nr="936" mi="2" ci="0" mb="2" cb="0"/><line nr="937" mi="12" ci="0" mb="0" cb="0"/><line nr="940" mi="4" ci="0" mb="0" cb="0"/><line nr="944" mi="5" ci="0" mb="0" cb="0"/><line nr="945" mi="1" ci="0" mb="0" cb="0"/><line nr="946" mi="13" ci="0" mb="0" cb="0"/><line nr="948" mi="1" ci="0" mb="0" cb="0"/><line nr="949" mi="3" ci="0" mb="2" cb="0"/><line nr="950" mi="4" ci="0" mb="2" cb="0"/><line nr="951" mi="12" ci="0" mb="0" cb="0"/><line nr="955" mi="4" ci="0" mb="2" cb="0"/><line nr="956" mi="16" ci="0" mb="0" cb="0"/><line nr="962" mi="6" ci="0" mb="0" cb="0"/><line nr="963" mi="3" ci="0" mb="2" cb="0"/><line nr="964" mi="4" ci="0" mb="2" cb="0"/><line nr="965" mi="12" ci="0" mb="0" cb="0"/><line nr="970" mi="4" ci="0" mb="2" cb="0"/><line nr="971" mi="16" ci="0" mb="0" cb="0"/><line nr="977" mi="1" ci="0" mb="0" cb="0"/><counter type="INSTRUCTION" missed="1240" covered="6"/><counter type="BRANCH" missed="182" covered="0"/><counter type="LINE" missed="273" covered="2"/><counter type="COMPLEXITY" missed="129" covered="1"/><counter type="METHOD" missed="38" covered="1"/><counter type="CLASS" missed="0" covered="1"/></sourcefile><sourcefile name="CommandLineBuilder.java"><line nr="43" mi="2" ci="0" mb="0" cb="0"/><line nr="44" mi="5" ci="0" mb="0" cb="0"/><line nr="45" mi="5" ci="0" mb="0" cb="0"/><line nr="46" mi="1" ci="0" mb="0" cb="0"/><line nr="54" mi="4" ci="0" mb="0" cb="0"/><line nr="55" mi="1" ci="0" mb="0" cb="0"/><line nr="63" mi="6" ci="0" mb="0" cb="0"/><line nr="64" mi="5" ci="0" mb="0" cb="0"/><line nr="65" mi="2" ci="0" mb="0" cb="0"/><line nr="75" mi="4" ci="0" mb="0" cb="0"/><line nr="84" mi="3" ci="0" mb="0" cb="0"/><line nr="93" mi="5" ci="0" mb="0" cb="0"/><line nr="94" mi="4" ci="0" mb="0" cb="0"/><line nr="95" mi="3" ci="0" mb="0" cb="0"/><counter type="INSTRUCTION" missed="50" covered="0"/><counter type="LINE" missed="14" covered="0"/><counter type="COMPLEXITY" missed="7" covered="0"/><counter type="METHOD" missed="7" covered="0"/><counter type="CLASS" missed="1" covered="0"/></sourcefile><counter type="INSTRUCTION" missed="1326" covered="6"/><counter type="BRANCH" missed="182" covered="0"/><counter type="LINE" missed="297" covered="2"/><counter type="COMPLEXITY" missed="140" covered="1"/><counter type="METHOD" missed="49" covered="1"/><counter type="CLASS" missed="2" covered="1"/></package><counter type="INSTRUCTION" missed="5211" covered="183"/><counter type="BRANCH" missed="655" covered="3"/><counter type="LINE" missed="1248" covered="53"/><counter type="COMPLEXITY" missed="462" covered="35"/><counter type="METHOD" missed="133" covered="34"/><counter type="CLASS" missed="3" covered="7"/></report>